<?xml version="1.0" encoding="utf-8"?><testsuites name="pytest tests"><testsuite name="pytest" errors="0" failures="0" skipped="0" tests="27" time="21.968" timestamp="2026-09-08T01:38:30.987722+08:00" hostname="qs-compute-gpu-hk-01"><testcase classname="factor_engine.tests.operators.test_v7_pca_moe_oracles" name="test_pca_nan_and_signed_infinity_share_one_training_missing_policy" time="21.180" /><testcase classname="factor_engine.tests.operators.test_v7_pca_moe_oracles" name="test_pca_residual_restores_current_nonfinite_mask" time="0.002" /><testcase classname="factor_engine.tests.operators.test_v7_pca_moe_oracles" name="test_pca_constant_and_all_missing_columns_are_not_identifiable" time="0.001" /><testcase classname="factor_engine.tests.operators.test_v7_pca_moe_oracles" name="test_moe_extreme_gate_is_stable_and_records_normalized_active_experts" time="0.007" /><testcase classname="factor_engine.tests.operators.test_v7_pca_moe_oracles" name="test_moe_one_valid_expert_gets_unit_weight" time="0.004" /><testcase classname="factor_engine.tests.operators.test_v7_pca_moe_oracles" name="test_moe_all_invalid_is_missing_with_explicit_fit_status" time="0.002" /><testcase classname="factor_engine.tests.r35.test_model_audit_pca_pcr" name="test_m020_rolling_pca_full_history_floor" time="0.001" /><testcase classname="factor_engine.tests.r35.test_model_audit_pca_pcr" name="test_m020_pca_resid_operator_full_history_floor" time="0.011" /><testcase classname="factor_engine.tests.r35.test_model_audit_pca_pcr" name="test_m021_rank_policy_split" time="0.002" /><testcase classname="factor_engine.tests.r35.test_model_audit_pca_pcr" name="test_m021_pcr_uses_regression_policy_full_rank" time="0.001" /><testcase classname="factor_engine.tests.r35.test_model_audit_pca_pcr" name="test_m022_pcr_single_feature_finite_for_mature_rows" time="0.027" /><testcase classname="factor_engine.tests.r35.test_model_audit_pca_pcr" name="test_m022_pcr_single_feature_equals_ols" time="0.001" /><testcase classname="factor_engine.tests.r35.test_model_audit_pca_pcr" name="test_m026_industry_pca_fit_once_per_date_industry" time="0.010" /><testcase classname="factor_engine.tests.r35.test_model_audit_pca_pcr" name="test_m026_industry_pca_cached_matches_naive" time="0.040" /><testcase classname="factor_engine.tests.r35.test_model_audit_pca_pcr" name="test_m027_downstream_first_output_timing[_pca_resid_vol]" time="0.038" /><testcase classname="factor_engine.tests.r35.test_model_audit_pca_pcr" name="test_m027_downstream_first_output_timing[_pca_resid_momentum]" time="0.038" /><testcase classname="factor_engine.tests.r35.test_model_audit_pca_pcr" name="test_m027_resid_vol_description_documents_two_stage" time="0.000" /><testcase classname="factor_engine.tests.r35.test_model_audit_pca_pcr" name="test_m030_module_docstring_is_per_symbol" time="0.000" /><testcase classname="factor_engine.tests.r35.test_model_audit_pca_pcr" name="test_m030_supervised_operator_descriptions_are_per_symbol" time="0.000" /><testcase classname="factor_engine.tests.r35.test_model_audit_pca_pcr" name="test_m033_regime_moe_require_true_predictor" time="0.001" /><testcase classname="factor_engine.tests.r35.test_model_audit_pca_pcr" name="test_m035_regime_description_documents_current_state_routing" time="0.000" /><testcase classname="factor_engine.tests.r35.test_model_audit_pca_pcr" name="test_m036_regime_telemetry" time="0.086" /><testcase classname="factor_engine.tests.r35.test_model_audit_pca_pcr" name="test_m036_moe_telemetry" time="0.208" /><testcase classname="factor_engine.tests.r38.test_pca_shared_state_parity" name="test_canonical_svd_matches_pca_state" time="0.002" /><testcase classname="factor_engine.tests.r38.test_pca_shared_state_parity" name="test_canonical_commonality_matches_shared_block" time="0.002" /><testcase classname="factor_engine.tests.r38.test_pca_shared_state_parity" name="test_pca_state_transform_resid_consistent_with_canonical" time="0.001" /><testcase classname="factor_engine.tests.r38.test_pca_shared_state_parity" name="test_garch_shared_block_matches_canonical_fit" time="0.050" /></testsuite></testsuites>