<?xml version="1.0" encoding="utf-8"?><testsuites name="pytest tests"><testsuite name="pytest" errors="0" failures="0" skipped="0" tests="3" time="4.218" timestamp="2026-09-08T01:58:20.131436+08:00" hostname="qs-compute-gpu-hk-01"><testcase classname="factor_engine.tests.runtime.test_v7_direct_artifact_pipeline" name="test_default_spawn_sinks_values_and_lost_descriptor_ack_exactly_reconciles" time="1.930" /><testcase classname="factor_engine.tests.runtime.test_v7_direct_artifact_pipeline" name="test_bounded_root_queue_overlaps_next_compute_with_current_sink" time="0.011" /><testcase classname="factor_engine.tests.runtime.test_v6_bounded_pipeline" name="test_spawn_compute_exit_aborts_later_wave_without_reusing_proxy_binding" time="1.803" /></testsuite></testsuites>