<?xml version="1.0" encoding="utf-8"?><testsuites name="pytest tests"><testsuite name="pytest" errors="0" failures="0" skipped="0" tests="34" time="86.132" timestamp="2026-09-08T01:49:28.972055+08:00" hostname="qs-compute-gpu-hk-01"><testcase classname="factor_engine.tests.runtime.test_v7_pipeline_integrity" name="test_protocol_corruption_aborts_without_artifacts[missing_compile]" time="0.048" /><testcase classname="factor_engine.tests.runtime.test_v7_pipeline_integrity" name="test_protocol_corruption_aborts_without_artifacts[overlapping_result]" time="0.068" /><testcase classname="factor_engine.tests.runtime.test_v7_pipeline_integrity" name="test_compile_protocol_rejects_missing_extra_and_untyped[mapping0]" time="0.001" /><testcase classname="factor_engine.tests.runtime.test_v7_pipeline_integrity" name="test_compile_protocol_rejects_missing_extra_and_untyped[mapping1]" time="0.000" /><testcase classname="factor_engine.tests.runtime.test_v7_pipeline_integrity" name="test_compile_protocol_rejects_missing_extra_and_untyped[mapping2]" time="0.000" /><testcase classname="factor_engine.tests.runtime.test_v7_pipeline_integrity" name="test_compile_protocol_rejects_missing_extra_and_untyped[mapping3]" time="0.000" /><testcase classname="factor_engine.tests.runtime.test_v7_pipeline_integrity" name="test_compile_protocol_rejects_missing_extra_and_untyped[mapping4]" time="0.000" /><testcase classname="factor_engine.tests.runtime.test_v7_pipeline_integrity" name="test_result_protocol_rejects_malformed_records[envelope0]" time="0.000" /><testcase classname="factor_engine.tests.runtime.test_v7_pipeline_integrity" name="test_result_protocol_rejects_malformed_records[envelope1]" time="0.000" /><testcase classname="factor_engine.tests.runtime.test_v7_pipeline_integrity" name="test_result_protocol_rejects_malformed_records[envelope2]" time="0.000" /><testcase classname="factor_engine.tests.runtime.test_v7_pipeline_integrity" name="test_result_protocol_rejects_malformed_records[envelope3]" time="0.000" /><testcase classname="factor_engine.tests.runtime.test_v7_pipeline_integrity" name="test_control_receipt_sync_order_and_atomic_visibility" time="0.003" /><testcase classname="factor_engine.tests.runtime.test_v7_pipeline_integrity" name="test_failed_control_file_sync_does_not_replace_previous_receipt" time="0.001" /><testcase classname="factor_engine.tests.runtime.test_v6_bounded_pipeline" name="test_physical_preflight_error_is_root_local_and_valid_peers_share_one_wave" time="0.785" /><testcase classname="factor_engine.tests.runtime.test_v6_bounded_pipeline" name="test_default_writer_timeout_reconciles_known_generation_without_rewrite" time="0.736" /><testcase classname="factor_engine.tests.runtime.test_v6_bounded_pipeline" name="test_worker_quarantine_aborts_run_terminalizes_ordinals_and_writes_receipt" time="0.059" /><testcase classname="factor_engine.tests.runtime.test_v6_bounded_pipeline" name="test_second_spawn_worker_start_failure_closes_first_and_aborts_all" time="1.550" /><testcase classname="factor_engine.tests.runtime.test_v6_bounded_pipeline" name="test_lost_writer_ack_reconciles_existing_generation_without_rewrite" time="1.256" /><testcase classname="factor_engine.tests.runtime.test_v6_bounded_pipeline" name="test_spawn_compute_exit_aborts_later_wave_without_reusing_proxy_binding" time="1.601" /><testcase classname="factor_engine.tests.runtime.test_v6_bounded_pipeline" name="test_manifest_duplicate_is_per_ordinal_rejection" time="0.013" /><testcase classname="factor_engine.tests.runtime.test_v6_bounded_pipeline" name="test_blocking_iterator_is_process_supervised" time="0.065" /><testcase classname="factor_engine.tests.runtime.test_v6_bounded_pipeline" name="test_retry_budget_is_persistent_and_shared" time="0.017" /><testcase classname="factor_engine.tests.runtime.test_v6_bounded_pipeline" name="test_durable_pipeline_executes_real_engine_path_and_artifact" time="0.868" /><testcase classname="factor_engine.tests.runtime.test_v6_bounded_pipeline" name="test_invalid_definition_does_not_abort_valid_ordinal" time="0.736" /><testcase classname="factor_engine.tests.runtime.test_v6_bounded_pipeline" name="test_actual_factor_engine_admits_two_root_wave_and_injects_scope" time="0.812" /><testcase classname="factor_engine.tests.runtime.test_v6_bounded_pipeline" name="test_actual_pandas_engine_writes_two_verified_numeric_artifacts" time="22.816" /><testcase classname="factor_engine.tests.runtime.test_v6_bounded_pipeline" name="test_oom_wave_is_not_blindly_retried" time="0.072" /><testcase classname="factor_engine.tests.runtime.test_v6_bounded_pipeline" name="test_uncontrolled_sink_timeout_is_failed_unknown_commit" time="1.476" /><testcase classname="factor_engine.tests.runtime.test_v6_bounded_pipeline" name="test_one_bad_output_does_not_fail_two_good_outputs" time="0.737" /><testcase classname="factor_engine.tests.runtime.test_v6_bounded_pipeline" name="test_ingestion_timeout_returns_partial_receipt" time="0.774" /><testcase classname="factor_engine.tests.runtime.test_v6_bounded_pipeline" name="test_spawn_factory_executes_without_pickling_engine" time="49.694" /><testcase classname="factor_engine.tests.runtime.test_v6_bounded_pipeline" name="test_large_result_is_rejected_before_pipe_and_small_peer_succeeds" time="0.753" /><testcase classname="factor_engine.tests.runtime.test_v6_bounded_pipeline" name="test_existing_state_paths_are_preserved_fail_closed" time="0.001" /><testcase classname="factor_engine.tests.runtime.test_v6_bounded_pipeline" name="test_lookahead_is_definition_byte_bounded" time="0.822" /></testsuite></testsuites>