<?xml version="1.0" encoding="utf-8"?><testsuites name="pytest tests"><testsuite name="pytest" errors="0" failures="0" skipped="0" tests="5" time="8.521" timestamp="2026-09-08T02:10:34.367905+08:00" hostname="qs-compute-gpu-hk-01"><testcase classname="factor_engine.tests.runtime.test_v7_direct_artifact_pipeline" name="test_default_spawn_sinks_values_and_lost_descriptor_ack_exactly_reconciles" time="1.830" /><testcase classname="factor_engine.tests.runtime.test_v7_direct_artifact_pipeline" name="test_bounded_root_queue_overlaps_next_compute_with_current_sink" time="0.011" /><testcase classname="factor_engine.tests.runtime.test_v7_direct_artifact_pipeline" name="test_large_default_spawn_output_bypasses_result_pickle_queue" time="1.830" /><testcase classname="factor_engine.tests.runtime.test_v7_direct_artifact_pipeline" name="test_atomic_large_output_is_rejected_before_write_without_extra_lease" time="2.001" /><testcase classname="factor_engine.tests.runtime.test_v7_direct_artifact_pipeline" name="test_two_default_spawn_waves_retire_pid_and_bind_fresh_generation" time="2.518" /></testsuite></testsuites>