<?xml version="1.0" encoding="utf-8"?><testsuites name="pytest tests"><testsuite name="pytest" errors="0" failures="0" skipped="3" tests="30" time="8.139" timestamp="2026-08-14T01:16:44.440694+08:00" hostname="qs-data-ingest-hk-01"><testcase classname="tests.smoke.test_backends.TestBackends" name="test_numpy_backend" time="0.001" /><testcase classname="tests.smoke.test_backends.TestBackends" name="test_numba_backend" time="0.750" /><testcase classname="tests.smoke.test_backends.TestBackends" name="test_polars_backend" time="0.159" /><testcase classname="tests.smoke.test_backends.TestBackends" name="test_cupy_backend" time="0.001"><skipped type="pytest.skip" message="cupy not available or no GPU: No module named 'cupy'">/home/shw/quant_projects/tests/smoke/test_backends.py:60: cupy not available or no GPU: No module named 'cupy'</skipped></testcase><testcase classname="tests.smoke.test_backends.TestBackends" name="test_pandas_backend" time="0.709" /><testcase classname="tests.smoke.test_backends.TestBackends" name="test_duckdb_backend" time="0.093" /><testcase classname="tests.smoke.test_benchmarks.TestBenchmarks" name="test_benchmarks_directory_exists" time="0.001" /><testcase classname="tests.smoke.test_benchmarks.TestBenchmarks" name="test_benchmark_scripts_exist" time="0.004" /><testcase classname="tests.smoke.test_benchmarks.TestBenchmarks" name="test_benchmark_help_flag" time="0.405" /><testcase classname="tests.smoke.test_benchmarks.TestBenchmarks" name="test_benchmark_readme_exists" time="0.001" /><testcase classname="tests.smoke.test_benchmarks.TestBenchmarks" name="test_baseline_json_exists" time="0.001" /><testcase classname="tests.smoke.test_benchmarks.TestBenchmarks" name="test_analyze_results_script" time="0.108" /><testcase classname="tests.smoke.test_cli_tools.TestCLITools" name="test_help_flag_scripts" time="4.875" /><testcase classname="tests.smoke.test_cli_tools.TestCLITools" name="test_shell_scripts_syntax" time="0.015" /><testcase classname="tests.smoke.test_documentation.TestDocumentation" name="test_main_readme_exists" time="0.001" /><testcase classname="tests.smoke.test_documentation.TestDocumentation" name="test_docs_directory_exists" time="0.000" /><testcase classname="tests.smoke.test_documentation.TestDocumentation" name="test_docs_readme_exists" time="0.000" /><testcase classname="tests.smoke.test_documentation.TestDocumentation" name="test_package_readmes_exist" time="0.001" /><testcase classname="tests.smoke.test_documentation.TestDocumentation" name="test_markdown_files_readable" time="0.004" /><testcase classname="tests.smoke.test_documentation.TestDocumentation" name="test_chinese_docs_readable" time="0.001" /><testcase classname="tests.smoke.test_imports.TestPackageImports" name="test_dataaccess_imports" time="0.131" /><testcase classname="tests.smoke.test_imports.TestPackageImports" name="test_factor_engine_imports" time="0.001" /><testcase classname="tests.smoke.test_imports.TestPackageImports" name="test_factor_optimizer_imports" time="0.001" /><testcase classname="tests.smoke.test_imports.TestPackageImports" name="test_quant_evaluator_imports" time="0.012" /><testcase classname="tests.smoke.test_imports.TestPackageImports" name="test_all_packages_have_version" time="0.001"><skipped type="pytest.skip" message="factor_engine has no version attribute">/home/shw/quant_projects/tests/smoke/test_imports.py:52: factor_engine has no version attribute</skipped></testcase><testcase classname="tests.smoke.test_workflows.TestDataAccessWorkflow" name="test_dataaccess_basic_workflow" time="0.238" /><testcase classname="tests.smoke.test_workflows.TestFactorEngineWorkflow" name="test_factor_engine_backend_import" time="0.002"><skipped type="pytest.skip" message="FactorEngine workflow requires setup: No module named 'planner'">/home/shw/quant_projects/tests/smoke/test_workflows.py:39: FactorEngine workflow requires setup: No module named 'planner'</skipped></testcase><testcase classname="tests.smoke.test_workflows.TestFactorEngineWorkflow" name="test_factor_engine_simple_operation" time="0.002" /><testcase classname="tests.smoke.test_workflows.TestFactorOptimizerWorkflow" name="test_factor_optimizer_basic" time="0.000" /><testcase classname="tests.smoke.test_workflows.TestQuantEvaluatorWorkflow" name="test_quant_evaluator_metrics" time="0.365" /></testsuite></testsuites>