<?xml version="1.0" encoding="utf-8"?><testsuites name="pytest tests"><testsuite name="pytest" errors="0" failures="0" skipped="0" tests="36" time="4.363" timestamp="2026-09-07T22:25:17.819318+08:00" hostname="qs-compute-gpu-hk-01"><testcase classname="factor_engine.tests.runtime.test_v6_physical_source_binding" name="test_plain_attrs_cannot_forge_physical_source_binding" time="0.006" /><testcase classname="factor_engine.tests.runtime.test_v6_physical_source_binding" name="test_binding_path_replaces_caller_value_with_da_identity" time="0.014" /><testcase classname="factor_engine.tests.runtime.test_v6_physical_source_binding" name="test_real_prepared_snapshot_is_accepted_by_real_identity_builder" time="0.438" /><testcase classname="factor_engine.tests.runtime.test_v6_physical_source_binding" name="test_batch_prepares_once_and_scope_identity_prevents_cache_alias" time="0.018" /><testcase classname="factor_engine.tests.runtime.test_v6_physical_source_binding" name="test_batch_rejects_secondary_source_ref_instead_of_anchor_rebinding" time="0.002" /><testcase classname="factor_engine.tests.runtime.test_v6_physical_source_binding" name="test_typed_source_ref_uses_its_own_prepared_source" time="0.004" /><testcase classname="factor_engine.tests.runtime.test_v6_physical_source_binding" name="test_preflight_unknown_field_is_root_local_and_prepares_valid_batch_once" time="0.006" /><testcase classname="factor_engine.tests.runtime.test_v6_physical_source_binding" name="test_preflight_unsupported_operator_is_root_local" time="0.370" /><testcase classname="factor_engine.tests.runtime.test_v6_physical_source_binding" name="test_preflight_permission_failure_rejects_entire_source_scope" time="0.003" /><testcase classname="factor_engine.tests.runtime.test_v6_physical_source_binding" name="test_preflight_keeps_surviving_shared_dependency_closure" time="0.002" /><testcase classname="factor_engine.tests.runtime.test_v6_physical_source_binding" name="test_wave_rejects_real_data_access_snapshot_changed_after_preflight" time="0.038" /><testcase classname="factor_engine.tests.runtime.test_v6_physical_source_binding" name="test_native_wave_materializes_once_and_reuses_old_frame_after_file_change" time="0.016" /><testcase classname="factor_engine.tests.runtime.test_v6_physical_source_binding" name="test_pandas_wave_mapping_is_reused_without_source_cache" time="0.001" /><testcase classname="factor_engine.tests.runtime.test_v6_supervised_worker" name="test_success_releases_lease_after_response" time="0.047" /><testcase classname="factor_engine.tests.runtime.test_v6_supervised_worker" name="test_spawn_failure_before_process_exists_releases_transferred_lease" time="0.001" /><testcase classname="factor_engine.tests.runtime.test_v6_supervised_worker" name="test_pid_none_after_entering_start_boundary_is_quarantined" time="0.001" /><testcase classname="factor_engine.tests.runtime.test_v6_supervised_worker" name="test_startup_quarantine_never_releases_transferred_lease" time="0.001" /><testcase classname="factor_engine.tests.runtime.test_v6_supervised_worker" name="test_task_failure_releases_lease_after_response" time="0.034" /><testcase classname="factor_engine.tests.runtime.test_v6_supervised_worker" name="test_broken_pipe_is_typed_only_after_worker_exit" time="0.662" /><testcase classname="factor_engine.tests.runtime.test_v6_supervised_worker" name="test_remote_user_eof_is_not_misclassified_as_exited_worker" time="1.129" /><testcase classname="factor_engine.tests.runtime.test_v6_supervised_worker" name="test_worker_reuses_generation_and_returns_real_process_result" time="0.038" /><testcase classname="factor_engine.tests.runtime.test_v6_supervised_worker" name="test_timeout_releases_lease_only_after_observed_process_exit" time="0.052" /><testcase classname="factor_engine.tests.runtime.test_v6_supervised_worker" name="test_late_completion_cannot_poison_next_generation" time="0.120" /><testcase classname="factor_engine.tests.runtime.test_v6_supervised_worker" name="test_unserializable_exception_is_reported_and_worker_reusable" time="0.036" /><testcase classname="factor_engine.tests.runtime.test_v6_supervised_worker" name="test_decoded_request_does_not_retain_previous_payload" time="0.032" /><testcase classname="factor_engine.tests.runtime.test_v6_supervised_worker" name="test_blocked_transport_is_finite_and_keeps_lease_until_thread_exit" time="0.215" /><testcase classname="factor_engine.tests.runtime.test_v6_supervised_worker" name="test_nonfinite_waits_rejected[0]" time="0.001" /><testcase classname="factor_engine.tests.runtime.test_v6_supervised_worker" name="test_nonfinite_waits_rejected[-1]" time="0.001" /><testcase classname="factor_engine.tests.runtime.test_v6_supervised_worker" name="test_nonfinite_waits_rejected[inf]" time="0.001" /><testcase classname="factor_engine.tests.runtime.test_v6_supervised_worker" name="test_nonfinite_waits_rejected[nan]" time="0.001" /><testcase classname="factor_engine.tests.runtime.test_v6_supervised_worker" name="test_active_guard_registration_failure_does_not_leave_untracked_worker" time="0.025" /><testcase classname="factor_engine.tests.runtime.test_v6_supervised_worker" name="test_normal_close_runs_worker_owned_cleanup_before_exit" time="0.038" /><testcase classname="factor_engine.tests.runtime.test_v6_supervised_worker" name="test_blocking_worker_cleanup_is_still_finite" time="0.049" /><testcase classname="factor_engine.tests.runtime.test_v6_worker_resource_authority" name="test_worker_autopilot_is_read_only_parent_proxy_view" time="0.004" /><testcase classname="factor_engine.tests.runtime.test_v6_worker_resource_authority" name="test_host_coordinator_reuses_explicit_proxy_and_rejects_switch" time="0.003" /><testcase classname="factor_engine.tests.runtime.test_v6_worker_resource_authority" name="test_real_prepared_read_charges_and_releases_parent_broker" time="0.280" /></testsuite></testsuites>