<?xml version="1.0" encoding="utf-8"?><testsuites name="pytest tests"><testsuite name="pytest" errors="0" failures="0" skipped="0" tests="18" time="1.110" timestamp="2026-09-07T22:42:36.087962+08:00" hostname="qs-compute-gpu-hk-01"><testcase classname="factor_engine.tests.runtime.test_v6_worker_resource_authority" name="test_worker_autopilot_is_read_only_parent_proxy_view" time="0.004" /><testcase classname="factor_engine.tests.runtime.test_v6_worker_resource_authority" name="test_host_coordinator_reuses_explicit_proxy_and_rejects_switch" time="0.007" /><testcase classname="factor_engine.tests.runtime.test_v6_worker_resource_authority" name="test_real_prepared_read_charges_and_releases_parent_broker" time="0.378" /><testcase classname="factor_engine.tests.runtime.test_v6_physical_source_binding" name="test_plain_attrs_cannot_forge_physical_source_binding" time="0.005" /><testcase classname="factor_engine.tests.runtime.test_v6_physical_source_binding" name="test_binding_path_replaces_caller_value_with_da_identity" time="0.001" /><testcase classname="factor_engine.tests.runtime.test_v6_physical_source_binding" name="test_real_prepared_snapshot_is_accepted_by_real_identity_builder" time="0.010" /><testcase classname="factor_engine.tests.runtime.test_v6_physical_source_binding" name="test_batch_prepares_once_and_scope_identity_prevents_cache_alias" time="0.011" /><testcase classname="factor_engine.tests.runtime.test_v6_physical_source_binding" name="test_batch_rejects_secondary_source_ref_instead_of_anchor_rebinding" time="0.001" /><testcase classname="factor_engine.tests.runtime.test_v6_physical_source_binding" name="test_typed_source_ref_uses_its_own_prepared_source" time="0.001" /><testcase classname="factor_engine.tests.runtime.test_v6_physical_source_binding" name="test_preflight_unknown_field_is_root_local_and_prepares_valid_batch_once" time="0.001" /><testcase classname="factor_engine.tests.runtime.test_v6_physical_source_binding" name="test_preflight_unsupported_operator_is_root_local" time="0.224" /><testcase classname="factor_engine.tests.runtime.test_v6_physical_source_binding" name="test_preflight_permission_failure_rejects_entire_source_scope" time="0.001" /><testcase classname="factor_engine.tests.runtime.test_v6_physical_source_binding" name="test_preflight_keeps_surviving_shared_dependency_closure" time="0.001" /><testcase classname="factor_engine.tests.runtime.test_v6_physical_source_binding" name="test_wave_rejects_real_data_access_snapshot_changed_after_preflight" time="0.013" /><testcase classname="factor_engine.tests.runtime.test_v6_physical_source_binding" name="test_native_wave_materializes_once_and_reuses_old_frame_after_file_change" time="0.009" /><testcase classname="factor_engine.tests.runtime.test_v6_physical_source_binding" name="test_pandas_wave_mapping_is_reused_without_source_cache" time="0.001" /><testcase classname="factor_engine.tests.runtime.test_v6_physical_source_binding" name="test_wave_adapter_keeps_value_alive_until_explicit_release" time="0.086" /><testcase classname="factor_engine.tests.runtime.test_v6_physical_source_binding" name="test_releasing_overlapping_wave_preserves_other_wave_column" time="0.001" /></testsuite></testsuites>