<?xml version="1.0" encoding="utf-8"?><testsuites name="pytest tests"><testsuite name="pytest" errors="0" failures="0" skipped="0" tests="3" time="0.725" timestamp="2026-09-07T22:40:03.627707+08:00" hostname="qs-compute-gpu-hk-01"><testcase classname="factor_engine.tests.runtime.test_v6_worker_resource_authority" name="test_worker_autopilot_is_read_only_parent_proxy_view" time="0.005" /><testcase classname="factor_engine.tests.runtime.test_v6_worker_resource_authority" name="test_host_coordinator_reuses_explicit_proxy_and_rejects_switch" time="0.006" /><testcase classname="factor_engine.tests.runtime.test_v6_worker_resource_authority" name="test_real_prepared_read_charges_and_releases_parent_broker" time="0.510" /></testsuite></testsuites>