<?xml version="1.0" encoding="utf-8"?><testsuites name="pytest tests"><testsuite name="pytest" errors="0" failures="0" skipped="0" tests="7" time="23.178" timestamp="2026-09-08T01:53:55.219525+08:00" hostname="qs-compute-gpu-hk-01"><testcase classname="factor_engine.tests.operators.test_v7_dynamic_residual_timing" name="test_registered_multi_forecast_error_is_current_oos_innovation" time="0.075" /><testcase classname="factor_engine.tests.operators.test_v7_dynamic_residual_timing" name="test_current_target_changes_innovation_not_prior_fit" time="0.009" /><testcase classname="factor_engine.tests.operators.test_v7_dynamic_residual_timing" name="test_future_suffix_preserves_registered_residual_prefix" time="0.013" /><testcase classname="factor_engine.tests.operators.test_v7_dynamic_residual_timing" name="test_regression_models_predictive_and_in_sample_roles_are_distinct" time="0.023" /><testcase classname="factor_engine.tests.operators.test_model_semantics_fixes" name="test_prior_forecast_error_exceeds_in_sample_residual" time="0.037" /><testcase classname="factor_engine.tests.operators.test_r11_round2_regression_defs" name="test_predictive_resid_has_no_look_ahead" time="0.004" /><testcase classname="factor_engine.tests.operators.test_r11_round2_regression_defs" name="test_in_sample_resid_approximately_zero_on_perfect_line" time="0.038" /></testsuite></testsuites>