<?xml version="1.0" encoding="utf-8"?><testsuites name="pytest tests"><testsuite name="pytest" errors="0" failures="0" skipped="0" tests="11" time="24.153" timestamp="2026-09-08T12:31:41.922610+08:00" hostname="qs-compute-gpu-hk-01"><testcase classname="factor_engine.tests.operators.test_v7_pca_moe_oracles" name="test_pca_nan_and_signed_infinity_share_one_training_missing_policy" time="23.871" /><testcase classname="factor_engine.tests.operators.test_v7_pca_moe_oracles" name="test_pca_residual_restores_current_nonfinite_mask" time="0.002" /><testcase classname="factor_engine.tests.operators.test_v7_pca_moe_oracles" name="test_pca_constant_and_all_missing_columns_are_not_identifiable" time="0.001" /><testcase classname="factor_engine.tests.operators.test_v7_pca_moe_oracles" name="test_shared_pca_block_restores_current_nonfinite_mask" time="0.001" /><testcase classname="factor_engine.tests.operators.test_v7_pca_moe_oracles" name="test_shared_pca_block_nan_and_infinity_have_equal_finite_variance_state" time="0.002" /><testcase classname="factor_engine.tests.operators.test_v7_pca_moe_oracles" name="test_moe_extreme_gate_is_stable_and_records_normalized_active_experts" time="0.007" /><testcase classname="factor_engine.tests.operators.test_v7_pca_moe_oracles" name="test_moe_one_valid_expert_gets_unit_weight" time="0.004" /><testcase classname="factor_engine.tests.operators.test_v7_pca_moe_oracles" name="test_moe_all_invalid_is_missing_with_explicit_fit_status" time="0.002" /><testcase classname="factor_engine.tests.operators.test_v7_pca_moe_oracles" name="test_moe_debug_telemetry_tracks_final_nan_cell_and_new_call_identity" time="0.011" /><testcase classname="factor_engine.tests.operators.test_v7_pca_moe_oracles" name="test_moe_debug_telemetry_resets_before_structural_error" time="0.006" /><testcase classname="factor_engine.tests.operators.test_v7_pca_moe_oracles" name="test_moe_debug_telemetry_is_isolated_across_threads" time="0.013" /></testsuite></testsuites>