<?xml version="1.0" encoding="utf-8"?><testsuites name="pytest tests"><testsuite name="pytest" errors="0" failures="0" skipped="0" tests="2" time="22.657" timestamp="2026-09-08T02:12:54.385677+08:00" hostname="qs-compute-gpu-hk-01"><testcase classname="factor_engine.tests.operators.test_v7_registry_param_spec_inheritance" name="test_backend_param_spec_inherits_omitted_canonical_role" time="22.428" /><testcase classname="factor_engine.tests.operators.test_v7_registry_param_spec_inheritance" name="test_backend_param_spec_preserves_and_reports_explicit_role_conflict" time="0.001" /></testsuite></testsuites>