<?xml version="1.0" encoding="utf-8"?><testsuites name="pytest tests"><testsuite name="pytest" errors="0" failures="0" skipped="4" tests="82" time="25.889" timestamp="2026-09-08T12:19:01.380162+08:00" hostname="qs-compute-gpu-hk-01"><testcase classname="factor_engine.tests.operators.test_v7_volatility_contracts" name="test_v7_gjr_forecast_uses_same_leverage_step_as_history" time="24.495" /><testcase classname="factor_engine.tests.operators.test_v7_volatility_contracts" name="test_v7_gjr_gamma_zero_degenerates_to_garch" time="0.001" /><testcase classname="factor_engine.tests.operators.test_v7_volatility_contracts" name="test_v7_gjr_fixed_parameters_match_arch_7_2[-0.017]" time="0.001"><skipped type="pytest.skip" message="could not import 'arch': No module named 'arch'">/home/sunhaiwei/quant_projects/factor_engine/tests/operators/test_v7_volatility_contracts.py:48: could not import 'arch': No module named 'arch'</skipped></testcase><testcase classname="factor_engine.tests.operators.test_v7_volatility_contracts" name="test_v7_gjr_fixed_parameters_match_arch_7_2[0.017]" time="0.001"><skipped type="pytest.skip" message="could not import 'arch': No module named 'arch'">/home/sunhaiwei/quant_projects/factor_engine/tests/operators/test_v7_volatility_contracts.py:48: could not import 'arch': No module named 'arch'</skipped></testcase><testcase classname="factor_engine.tests.operators.test_v7_volatility_contracts" name="test_v7_gjr_fixed_parameters_match_arch_7_2[0.0]" time="0.001"><skipped type="pytest.skip" message="could not import 'arch': No module named 'arch'">/home/sunhaiwei/quant_projects/factor_engine/tests/operators/test_v7_volatility_contracts.py:48: could not import 'arch': No module named 'arch'</skipped></testcase><testcase classname="factor_engine.tests.operators.test_v7_volatility_contracts" name="test_v7_gjr_fixed_parameters_match_arch_7_2[-0.0]" time="0.001"><skipped type="pytest.skip" message="could not import 'arch': No module named 'arch'">/home/sunhaiwei/quant_projects/factor_engine/tests/operators/test_v7_volatility_contracts.py:48: could not import 'arch': No module named 'arch'</skipped></testcase><testcase classname="factor_engine.tests.operators.test_v7_volatility_contracts" name="test_v7_garch_forecast_nonfinite_current_shock_fails_closed" time="0.001" /><testcase classname="factor_engine.tests.operators.test_v7_volatility_contracts" name="test_v7_registered_gjr_prefix_is_not_rejected_by_future_suffix[extreme_level_like]" time="0.013" /><testcase classname="factor_engine.tests.operators.test_v7_volatility_contracts" name="test_v7_registered_gjr_prefix_is_not_rejected_by_future_suffix[long_missing]" time="0.012" /><testcase classname="factor_engine.tests.operators.test_v7_volatility_contracts" name="test_v7_registered_gjr_prefix_is_not_rejected_by_future_suffix[infinite]" time="0.012" /><testcase classname="factor_engine.tests.operators.test_v7_volatility_contracts" name="test_v7_har_innovation_pairs_features_and_labels_on_original_clock" time="0.002" /><testcase classname="factor_engine.tests.operators.test_v7_registry_param_spec_inheritance" name="test_backend_param_spec_inherits_omitted_canonical_role" time="0.000" /><testcase classname="factor_engine.tests.operators.test_v7_registry_param_spec_inheritance" name="test_backend_param_spec_preserves_and_reports_explicit_role_conflict" time="0.001" /><testcase classname="factor_engine.tests.runtime.test_v7_approved_snapshot" name="test_worker_factory_rejects_replacement_since_parent_approval" time="0.023" /><testcase classname="factor_engine.tests.runtime.test_v7_approved_snapshot" name="test_worker_factory_propagates_approved_content_digest" time="0.001" /><testcase classname="factor_engine.tests.runtime.test_v7_approved_snapshot" name="test_bound_source_cannot_accept_a_later_consistent_snapshot" time="0.000" /><testcase classname="factor_engine.tests.runtime.test_v7_approved_snapshot" name="test_approved_multi_source_set_requires_anchor_and_nonempty_tokens[snapshots0]" time="0.001" /><testcase classname="factor_engine.tests.runtime.test_v7_approved_snapshot" name="test_approved_multi_source_set_requires_anchor_and_nonempty_tokens[snapshots1]" time="0.001" /><testcase classname="factor_engine.tests.runtime.test_v7_approved_snapshot" name="test_approved_multi_source_set_requires_anchor_and_nonempty_tokens[snapshots2]" time="0.001" /><testcase classname="factor_engine.tests.runtime.test_v7_approved_snapshot" name="test_v7_profile_requires_approved_anchor_content_digest[None]" time="0.001" /><testcase classname="factor_engine.tests.runtime.test_v7_approved_snapshot" name="test_v7_profile_requires_approved_anchor_content_digest[digests1]" time="0.001" /><testcase classname="factor_engine.tests.runtime.test_v7_approved_snapshot" name="test_v7_profile_requires_approved_anchor_content_digest[digests2]" time="0.001" /><testcase classname="factor_engine.tests.runtime.test_v7_approved_snapshot" name="test_v7_profile_requires_approved_anchor_content_digest[digests3]" time="0.001" /><testcase classname="factor_engine.tests.runtime.test_v7_approved_snapshot" name="test_v7_profile_requires_approved_anchor_content_digest[digests4]" time="0.001" /><testcase classname="factor_engine.tests.runtime.test_v7_approved_snapshot" name="test_preparation_rechecks_approval_and_releases_failed_reservation[False]" time="0.006" /><testcase classname="factor_engine.tests.runtime.test_v7_approved_snapshot" name="test_preparation_rechecks_approval_and_releases_failed_reservation[True]" time="0.000" /><testcase classname="factor_engine.tests.runtime.test_v7_approved_snapshot" name="test_prepared_content_identity_rejects_aba_and_releases_reservation" time="0.000" /><testcase classname="factor_engine.tests.runtime.test_v7_approved_snapshot" name="test_approved_content_set_rejects_missing_secondary_before_prepare" time="0.000" /><testcase classname="factor_engine.tests.storage.test_v7_volume_factor_alias" name="test_adjusted_volume_independent_of_factor_alias_and_cache[requests0]" time="0.019" /><testcase classname="factor_engine.tests.storage.test_v7_volume_factor_alias" name="test_adjusted_volume_independent_of_factor_alias_and_cache[requests1]" time="0.004" /><testcase classname="factor_engine.tests.storage.test_v7_volume_factor_alias" name="test_adjusted_volume_independent_of_factor_alias_and_cache[requests2]" time="0.004" /><testcase classname="factor_engine.tests.storage.test_v7_volume_factor_alias" name="test_adjusted_volume_independent_of_factor_alias_and_cache[requests3]" time="0.006" /><testcase classname="factor_engine.tests.storage.test_v7_volume_factor_alias" name="test_adjusted_volume_independent_of_factor_alias_and_cache[requests4]" time="0.006" /><testcase classname="factor_engine.tests.storage.test_v7_volume_factor_alias" name="test_adjusted_volume_independent_of_factor_alias_and_cache[requests5]" time="0.004" /><testcase classname="factor_engine.tests.storage.test_v7_volume_factor_alias" name="test_adjusted_volume_independent_of_factor_alias_and_cache[requests6]" time="0.004" /><testcase classname="factor_engine.tests.storage.test_v7_volume_factor_alias" name="test_adjusted_volume_independent_of_factor_alias_and_cache[requests7]" time="0.004" /><testcase classname="factor_engine.tests.storage.test_v7_volume_factor_alias" name="test_adjusted_volume_independent_of_factor_alias_and_cache[requests8]" time="0.004" /><testcase classname="factor_engine.tests.runtime.test_v6_default_engine" name="test_unconfigured_public_entry_reports_before_importing_or_computing" time="0.000" /><testcase classname="factor_engine.tests.runtime.test_v6_default_engine" name="test_reports_missing_business_fields_together" time="0.000" /><testcase classname="factor_engine.tests.runtime.test_v6_default_engine" name="test_immutable_deployment_snapshot" time="0.001" /><testcase classname="factor_engine.tests.runtime.test_v6_default_engine" name="test_bad_business_configuration_rejected[artifact_root-relative]" time="0.001" /><testcase classname="factor_engine.tests.runtime.test_v6_default_engine" name="test_bad_business_configuration_rejected[adjustment-raw]" time="0.001" /><testcase classname="factor_engine.tests.runtime.test_v6_default_engine" name="test_bad_business_configuration_rejected[market-us]" time="0.001" /><testcase classname="factor_engine.tests.runtime.test_v6_default_engine" name="test_bad_business_configuration_rejected[frequency-True]" time="0.001" /><testcase classname="factor_engine.tests.runtime.test_v6_default_engine" name="test_bad_business_configuration_rejected[unexpected-value]" time="0.001" /><testcase classname="factor_engine.tests.runtime.test_v6_default_engine" name="test_raw_source_or_scope_downgrade_rejected[type-parquet]" time="0.001" /><testcase classname="factor_engine.tests.runtime.test_v6_default_engine" name="test_raw_source_or_scope_downgrade_rejected[run_mode-research]" time="0.001" /><testcase classname="factor_engine.tests.runtime.test_v6_default_engine" name="test_raw_source_or_scope_downgrade_rejected[production-False]" time="0.001" /><testcase classname="factor_engine.tests.runtime.test_v6_default_engine" name="test_raw_source_or_scope_downgrade_rejected[pit_enforce-False]" time="0.001" /><testcase classname="factor_engine.tests.runtime.test_v6_default_engine" name="test_raw_source_or_scope_downgrade_rejected[instrument_filter-value4]" time="0.001" /><testcase classname="factor_engine.tests.runtime.test_v6_default_engine" name="test_raw_source_or_scope_downgrade_rejected[instrument_filter-all]" time="0.001" /><testcase classname="factor_engine.tests.runtime.test_v6_default_engine" name="test_raw_source_or_scope_downgrade_rejected[start_date-2025-01-01]" time="0.001" /><testcase classname="factor_engine.tests.runtime.test_v6_default_engine" name="test_file_parser_and_policy_agree" time="0.002" /><testcase classname="factor_engine.tests.runtime.test_v6_default_engine" name="test_duplicate_keys_rejected" time="0.001" /><testcase classname="factor_engine.tests.runtime.test_v6_default_engine" name="test_parser_error_does_not_echo_profile_contents" time="0.001" /><testcase classname="factor_engine.tests.runtime.test_v6_default_engine" name="test_snapshot_identity_must_be_nonempty_string[]" time="0.001" /><testcase classname="factor_engine.tests.runtime.test_v6_default_engine" name="test_snapshot_identity_must_be_nonempty_string[  ]" time="0.001" /><testcase classname="factor_engine.tests.runtime.test_v6_default_engine" name="test_snapshot_identity_must_be_nonempty_string[False]" time="0.001" /><testcase classname="factor_engine.tests.runtime.test_v6_default_engine" name="test_snapshot_identity_must_be_nonempty_string[123]" time="0.001" /><testcase classname="factor_engine.tests.runtime.test_v6_default_engine" name="test_snapshot_identity_must_be_nonempty_string[token4]" time="0.001" /><testcase classname="factor_engine.tests.runtime.test_v6_default_engine" name="test_hfq_label_cannot_override_actual_source_semantics[source_change0]" time="0.001" /><testcase classname="factor_engine.tests.runtime.test_v6_default_engine" name="test_hfq_label_cannot_override_actual_source_semantics[source_change1]" time="0.001" /><testcase classname="factor_engine.tests.runtime.test_v6_default_engine" name="test_hfq_label_cannot_override_actual_source_semantics[source_change2]" time="0.001" /><testcase classname="factor_engine.tests.runtime.test_v6_default_engine" name="test_public_factory_constructs_production_core_and_shared_authority" time="0.322" /><testcase classname="factor_engine.tests.runtime.test_v6_default_engine" name="test_explicit_backend_preserved_at_construction" time="0.013" /><testcase classname="factor_engine.tests.runtime.test_v6_default_engine" name="test_worker_factory_config_roundtrip_contains_no_engine_or_locks" time="0.041" /><testcase classname="factor_engine.tests.runtime.test_v6_default_engine" name="test_source_validation_failure_cannot_claim_policy_singleton" time="0.003" /><testcase classname="factor_engine.tests.runtime.test_v6_physical_source_binding" name="test_plain_attrs_cannot_forge_physical_source_binding" time="0.004" /><testcase classname="factor_engine.tests.runtime.test_v6_physical_source_binding" name="test_binding_path_replaces_caller_value_with_da_identity" time="0.001" /><testcase classname="factor_engine.tests.runtime.test_v6_physical_source_binding" name="test_real_prepared_snapshot_is_accepted_by_real_identity_builder" time="0.090" /><testcase classname="factor_engine.tests.runtime.test_v6_physical_source_binding" name="test_batch_prepares_once_and_scope_identity_prevents_cache_alias" time="0.001" /><testcase classname="factor_engine.tests.runtime.test_v6_physical_source_binding" name="test_batch_rejects_secondary_source_ref_instead_of_anchor_rebinding" time="0.000" /><testcase classname="factor_engine.tests.runtime.test_v6_physical_source_binding" name="test_typed_source_ref_uses_its_own_prepared_source" time="0.001" /><testcase classname="factor_engine.tests.runtime.test_v6_physical_source_binding" name="test_preflight_unknown_field_is_root_local_and_prepares_valid_batch_once" time="0.001" /><testcase classname="factor_engine.tests.runtime.test_v6_physical_source_binding" name="test_preflight_unsupported_operator_is_root_local" time="0.019" /><testcase classname="factor_engine.tests.runtime.test_v6_physical_source_binding" name="test_preflight_permission_failure_rejects_entire_source_scope" time="0.000" /><testcase classname="factor_engine.tests.runtime.test_v6_physical_source_binding" name="test_preflight_keeps_surviving_shared_dependency_closure" time="0.001" /><testcase classname="factor_engine.tests.runtime.test_v6_physical_source_binding" name="test_wave_rejects_real_data_access_snapshot_changed_after_preflight" time="0.012" /><testcase classname="factor_engine.tests.runtime.test_v6_physical_source_binding" name="test_native_wave_materializes_once_and_reuses_old_frame_after_file_change" time="0.004" /><testcase classname="factor_engine.tests.runtime.test_v6_physical_source_binding" name="test_pandas_wave_mapping_is_reused_without_source_cache" time="0.001" /><testcase classname="factor_engine.tests.runtime.test_v6_physical_source_binding" name="test_wave_adapter_keeps_value_alive_until_explicit_release" time="0.162" /><testcase classname="factor_engine.tests.runtime.test_v6_physical_source_binding" name="test_releasing_overlapping_wave_preserves_other_wave_column" time="0.001" /></testsuite></testsuites>