<?xml version="1.0" encoding="utf-8"?><testsuites name="pytest tests"><testsuite name="pytest" errors="0" failures="0" skipped="0" tests="77" time="83.262" timestamp="2026-09-08T02:30:14.653048+08:00" hostname="qs-compute-gpu-hk-01"><testcase classname="factor_engine.tests.operators.test_ts_model_next_stage" name="test_registered_and_classified[ts_ar_forecast]" time="0.062" /><testcase classname="factor_engine.tests.operators.test_ts_model_next_stage" name="test_registered_and_classified[ts_ar_innovation]" time="0.000" /><testcase classname="factor_engine.tests.operators.test_ts_model_next_stage" name="test_registered_and_classified[ts_ar_innovation_z]" time="0.000" /><testcase classname="factor_engine.tests.operators.test_ts_model_next_stage" name="test_registered_and_classified[ts_change_point_probability]" time="0.000" /><testcase classname="factor_engine.tests.operators.test_ts_model_next_stage" name="test_registered_and_classified[ts_cusum_vol_break_score]" time="0.000" /><testcase classname="factor_engine.tests.operators.test_ts_model_next_stage" name="test_registered_and_classified[ts_dfa_hurst]" time="0.000" /><testcase classname="factor_engine.tests.operators.test_ts_model_next_stage" name="test_registered_and_classified[ts_garch_persistence]" time="0.000" /><testcase classname="factor_engine.tests.operators.test_ts_model_next_stage" name="test_registered_and_classified[ts_garch_standardized_shock]" time="0.000" /><testcase classname="factor_engine.tests.operators.test_ts_model_next_stage" name="test_registered_and_classified[ts_gjr_garch_vol_forecast]" time="0.000" /><testcase classname="factor_engine.tests.operators.test_ts_model_next_stage" name="test_registered_and_classified[ts_gjr_leverage]" time="0.000" /><testcase classname="factor_engine.tests.operators.test_ts_model_next_stage" name="test_registered_and_classified[ts_huber_regression_coeff]" time="0.000" /><testcase classname="factor_engine.tests.operators.test_ts_model_next_stage" name="test_registered_and_classified[ts_huber_regression_resid_z]" time="0.000" /><testcase classname="factor_engine.tests.operators.test_ts_model_next_stage" name="test_registered_and_classified[ts_kalman_beta]" time="0.000" /><testcase classname="factor_engine.tests.operators.test_ts_model_next_stage" name="test_registered_and_classified[ts_kalman_beta_change]" time="0.000" /><testcase classname="factor_engine.tests.operators.test_ts_model_next_stage" name="test_registered_and_classified[ts_kalman_beta_uncertainty]" time="0.000" /><testcase classname="factor_engine.tests.operators.test_ts_model_next_stage" name="test_registered_and_classified[ts_kalman_innovation_z]" time="0.000" /><testcase classname="factor_engine.tests.operators.test_ts_model_next_stage" name="test_registered_and_classified[ts_kalman_level]" time="0.001" /><testcase classname="factor_engine.tests.operators.test_ts_model_next_stage" name="test_registered_and_classified[ts_kalman_trend]" time="0.001" /><testcase classname="factor_engine.tests.operators.test_ts_model_next_stage" name="test_registered_and_classified[ts_lz_complexity]" time="0.000" /><testcase classname="factor_engine.tests.operators.test_ts_model_next_stage" name="test_registered_and_classified[ts_matrix_profile_discord_score]" time="0.000" /><testcase classname="factor_engine.tests.operators.test_ts_model_next_stage" name="test_registered_and_classified[ts_mean_reversion_half_life]" time="0.000" /><testcase classname="factor_engine.tests.operators.test_ts_model_next_stage" name="test_registered_and_classified[ts_motif_recurrence_count]" time="0.000" /><testcase classname="factor_engine.tests.operators.test_ts_model_next_stage" name="test_registered_and_classified[ts_multi_regression_coeff]" time="0.000" /><testcase classname="factor_engine.tests.operators.test_ts_model_next_stage" name="test_registered_and_classified[ts_multi_regression_r2]" time="0.000" /><testcase classname="factor_engine.tests.operators.test_ts_model_next_stage" name="test_registered_and_classified[ts_multi_regression_resid]" time="0.000" /><testcase classname="factor_engine.tests.operators.test_ts_model_next_stage" name="test_registered_and_classified[ts_multi_regression_resid_z]" time="0.000" /><testcase classname="factor_engine.tests.operators.test_ts_model_next_stage" name="test_registered_and_classified[ts_multiscale_entropy_slope]" time="0.000" /><testcase classname="factor_engine.tests.operators.test_ts_model_next_stage" name="test_registered_and_classified[ts_path_leadlag_area]" time="0.000" /><testcase classname="factor_engine.tests.operators.test_ts_model_next_stage" name="test_registered_and_classified[ts_path_signature_area]" time="0.000" /><testcase classname="factor_engine.tests.operators.test_ts_model_next_stage" name="test_registered_and_classified[ts_path_signature_depth2_norm]" time="0.000" /><testcase classname="factor_engine.tests.operators.test_ts_model_next_stage" name="test_registered_and_classified[ts_permutation_entropy]" time="0.000" /><testcase classname="factor_engine.tests.operators.test_ts_model_next_stage" name="test_registered_and_classified[ts_quantile_beta_spread]" time="0.000" /><testcase classname="factor_engine.tests.operators.test_ts_model_next_stage" name="test_registered_and_classified[ts_quantile_regression_coeff]" time="0.000" /><testcase classname="factor_engine.tests.operators.test_ts_model_next_stage" name="test_registered_and_classified[ts_quantile_regression_resid]" time="0.000" /><testcase classname="factor_engine.tests.operators.test_ts_model_next_stage" name="test_registered_and_classified[ts_regime_duration]" time="0.000" /><testcase classname="factor_engine.tests.operators.test_ts_model_next_stage" name="test_registered_and_classified[ts_ridge_regression_coeff]" time="0.000" /><testcase classname="factor_engine.tests.operators.test_ts_model_next_stage" name="test_registered_and_classified[ts_ridge_regression_resid_z]" time="0.000" /><testcase classname="factor_engine.tests.operators.test_ts_model_next_stage" name="test_registered_and_classified[ts_sample_entropy]" time="0.000" /><testcase classname="factor_engine.tests.operators.test_ts_model_next_stage" name="test_registered_and_classified[ts_spectral_low_frequency_ratio]" time="0.000" /><testcase classname="factor_engine.tests.operators.test_ts_model_next_stage" name="test_registered_and_classified[ts_turning_point_ratio]" time="0.000" /><testcase classname="factor_engine.tests.operators.test_ts_model_next_stage" name="test_registered_and_classified[ts_two_state_regime_probability]" time="0.000" /><testcase classname="factor_engine.tests.operators.test_ts_model_next_stage" name="test_registered_and_classified[ts_variance_ratio_slope]" time="0.000" /><testcase classname="factor_engine.tests.operators.test_ts_model_next_stage" name="test_registered_and_classified[ts_wavelet_energy_slope]" time="0.000" /><testcase classname="factor_engine.tests.operators.test_ts_model_next_stage" name="test_registered_and_classified[ts_wavelet_entropy]" time="0.000" /><testcase classname="factor_engine.tests.operators.test_ts_model_next_stage" name="test_registered_and_classified[ts_wavelet_high_frequency_ratio]" time="0.000" /><testcase classname="factor_engine.tests.operators.test_ts_model_next_stage" name="test_registered_and_classified[ts_wavelet_low_frequency_ratio]" time="0.000" /><testcase classname="factor_engine.tests.operators.test_ts_model_next_stage" name="test_compat_alias_resolves_to_registered_classified_canonical[ts_garch_vol_forecast-ts_garch_next_vol_forecast]" time="0.002" /><testcase classname="factor_engine.tests.operators.test_ts_model_next_stage" name="test_compat_alias_resolves_to_registered_classified_canonical[ts_har_rv_forecast-ts_har_rv_next_vol_forecast]" time="0.001" /><testcase classname="factor_engine.tests.operators.test_ts_model_next_stage" name="test_compat_alias_resolves_to_registered_classified_canonical[ts_har_rv_innovation_z-ts_har_rv_forecast_error_z]" time="0.001" /><testcase classname="factor_engine.tests.operators.test_ts_model_next_stage" name="test_compat_alias_resolves_to_registered_classified_canonical[ts_matrix_profile_motif_distance-ts_matrix_profile_discord_score]" time="0.001" /><testcase classname="factor_engine.tests.operators.test_ts_model_next_stage" name="test_multi_regression_recovers_coefficient" time="0.019" /><testcase classname="factor_engine.tests.operators.test_ts_model_next_stage" name="test_multi_regression_r2_on_perfect_line" time="0.020" /><testcase classname="factor_engine.tests.operators.test_ts_model_next_stage" name="test_quantile_beta_spread_bounded" time="1.068" /><testcase classname="factor_engine.tests.operators.test_ts_model_next_stage" name="test_ar_forecast_matches_manual_ar1" time="0.118" /><testcase classname="factor_engine.tests.operators.test_ts_model_next_stage" name="test_mean_reversion_half_life_positive_for_ou" time="0.028" /><testcase classname="factor_engine.tests.operators.test_ts_model_next_stage" name="test_kalman_tracks_level" time="0.131" /><testcase classname="factor_engine.tests.operators.test_ts_model_next_stage" name="test_garch_persistence_in_unit_range" time="4.142" /><testcase classname="factor_engine.tests.operators.test_ts_model_next_stage" name="test_entropy_and_hurst_finite" time="0.468" /><testcase classname="factor_engine.tests.operators.test_ts_model_next_stage" name="test_hurst_close_to_05_for_white_noise" time="19.286" /><testcase classname="factor_engine.tests.operators.test_ts_model_next_stage" name="test_path_signature_area_shape" time="0.011" /><testcase classname="factor_engine.tests.operators.test_ts_model_next_stage" name="test_sequence_anomaly_finite" time="28.821" /><testcase classname="factor_engine.tests.operators.test_ts_model_next_stage" name="test_regression_operators_shape_determinism[ts_ar_forecast]" time="0.141" /><testcase classname="factor_engine.tests.operators.test_ts_model_next_stage" name="test_regression_operators_shape_determinism[ts_ar_innovation]" time="0.139" /><testcase classname="factor_engine.tests.operators.test_ts_model_next_stage" name="test_regression_operators_shape_determinism[ts_ar_innovation_z]" time="0.172" /><testcase classname="factor_engine.tests.operators.test_ts_model_next_stage" name="test_regression_operators_shape_determinism[ts_huber_regression_coeff]" time="0.230" /><testcase classname="factor_engine.tests.operators.test_ts_model_next_stage" name="test_regression_operators_shape_determinism[ts_huber_regression_resid_z]" time="0.237" /><testcase classname="factor_engine.tests.operators.test_ts_model_next_stage" name="test_regression_operators_shape_determinism[ts_mean_reversion_half_life]" time="0.031" /><testcase classname="factor_engine.tests.operators.test_ts_model_next_stage" name="test_regression_operators_shape_determinism[ts_multi_regression_coeff]" time="0.033" /><testcase classname="factor_engine.tests.operators.test_ts_model_next_stage" name="test_regression_operators_shape_determinism[ts_multi_regression_r2]" time="0.039" /><testcase classname="factor_engine.tests.operators.test_ts_model_next_stage" name="test_regression_operators_shape_determinism[ts_multi_regression_resid]" time="0.035" /><testcase classname="factor_engine.tests.operators.test_ts_model_next_stage" name="test_regression_operators_shape_determinism[ts_multi_regression_resid_z]" time="0.038" /><testcase classname="factor_engine.tests.operators.test_ts_model_next_stage" name="test_regression_operators_shape_determinism[ts_quantile_beta_spread]" time="1.828" /><testcase classname="factor_engine.tests.operators.test_ts_model_next_stage" name="test_regression_operators_shape_determinism[ts_quantile_regression_coeff]" time="0.910" /><testcase classname="factor_engine.tests.operators.test_ts_model_next_stage" name="test_regression_operators_shape_determinism[ts_quantile_regression_resid]" time="1.389" /><testcase classname="factor_engine.tests.operators.test_ts_model_next_stage" name="test_regression_operators_shape_determinism[ts_ridge_regression_coeff]" time="0.072" /><testcase classname="factor_engine.tests.operators.test_ts_model_next_stage" name="test_regression_operators_shape_determinism[ts_ridge_regression_resid_z]" time="0.098" /><testcase classname="factor_engine.tests.operators.test_ts_model_next_stage" name="test_regression_operators_shape_determinism[ts_variance_ratio_slope]" time="0.102" /></testsuite></testsuites>