<?xml version="1.0" encoding="utf-8"?><testsuites name="pytest tests"><testsuite name="pytest" errors="0" failures="0" skipped="4" tests="27" time="25.590" timestamp="2026-09-08T02:26:11.757018+08:00" hostname="qs-compute-gpu-hk-01"><testcase classname="factor_engine.tests.storage.test_v7_volume_factor_alias" name="test_adjusted_volume_independent_of_factor_alias_and_cache[requests0]" time="0.129" /><testcase classname="factor_engine.tests.storage.test_v7_volume_factor_alias" name="test_adjusted_volume_independent_of_factor_alias_and_cache[requests1]" time="0.005" /><testcase classname="factor_engine.tests.storage.test_v7_volume_factor_alias" name="test_adjusted_volume_independent_of_factor_alias_and_cache[requests2]" time="0.004" /><testcase classname="factor_engine.tests.storage.test_v7_volume_factor_alias" name="test_adjusted_volume_independent_of_factor_alias_and_cache[requests3]" time="0.006" /><testcase classname="factor_engine.tests.storage.test_v7_volume_factor_alias" name="test_adjusted_volume_independent_of_factor_alias_and_cache[requests4]" time="0.006" /><testcase classname="factor_engine.tests.storage.test_v7_volume_factor_alias" name="test_adjusted_volume_independent_of_factor_alias_and_cache[requests5]" time="0.004" /><testcase classname="factor_engine.tests.storage.test_v7_volume_factor_alias" name="test_adjusted_volume_independent_of_factor_alias_and_cache[requests6]" time="0.004" /><testcase classname="factor_engine.tests.storage.test_v7_volume_factor_alias" name="test_adjusted_volume_independent_of_factor_alias_and_cache[requests7]" time="0.004" /><testcase classname="factor_engine.tests.storage.test_v7_volume_factor_alias" name="test_adjusted_volume_independent_of_factor_alias_and_cache[requests8]" time="0.004" /><testcase classname="factor_engine.tests.test_data_access_source_snapshot_cache" name="test_snapshot_change_invalidates_all_caches" time="0.000" /><testcase classname="factor_engine.tests.test_data_access_source_snapshot_cache" name="test_snapshot_change_uses_cheap_manifest_token" time="0.000" /><testcase classname="factor_engine.tests.test_data_access_source_snapshot_cache" name="test_cache_is_lru_bounded" time="0.001" /><testcase classname="factor_engine.tests.test_data_access_source_snapshot_cache" name="test_close_rejects_future_reads" time="0.000" /><testcase classname="factor_engine.tests.storage.test_data_access_source" name="test_data_access_source_ashare_daily" time="23.687" /><testcase classname="factor_engine.tests.storage.test_data_access_source" name="test_zero_broker_budget_returns_read_without_retaining_cache" time="0.074" /><testcase classname="factor_engine.tests.storage.test_data_access_source" name="test_cached_buffer_lease_lives_until_cache_clear" time="0.723" /><testcase classname="factor_engine.tests.storage.test_data_access_source" name="test_data_access_source_us_daily" time="0.072" /><testcase classname="factor_engine.tests.storage.test_data_access_source" name="test_composite_ashare_valuation_asof" time="0.113" /><testcase classname="factor_engine.tests.storage.test_data_access_source" name="test_composite_ashare_valuation_pe_alias" time="0.110" /><testcase classname="factor_engine.tests.storage.test_data_access_source" name="test_composite_us_valuation_asof" time="0.000"><skipped type="pytest.skip" message="external US valuation registry fixture uses a schema outside FactorEngine scope">/home/sunhaiwei/quant_projects/factor_engine/tests/storage/test_data_access_source.py:354: external US valuation registry fixture uses a schema outside FactorEngine scope</skipped></testcase><testcase classname="factor_engine.tests.storage.test_data_access_source" name="test_composite_us_valuation_pe_alias" time="0.000"><skipped type="pytest.skip" message="external US valuation registry fixture uses a schema outside FactorEngine scope">/home/sunhaiwei/quant_projects/factor_engine/tests/storage/test_data_access_source.py:363: external US valuation registry fixture uses a schema outside FactorEngine scope</skipped></testcase><testcase classname="factor_engine.tests.storage.test_data_access_source" name="test_composite_ashare_universe_asof" time="0.151" /><testcase classname="factor_engine.tests.storage.test_data_access_source" name="test_composite_us_universe_exact" time="0.126" /><testcase classname="factor_engine.tests.storage.test_data_access_source" name="test_local_ashare_parquet_smoke_if_present" time="0.001"><skipped type="pytest.skip" message="local ashare parquet not present">/home/sunhaiwei/quant_projects/factor_engine/tests/storage/test_data_access_source.py:397: local ashare parquet not present</skipped></testcase><testcase classname="factor_engine.tests.storage.test_data_access_source" name="test_local_us_parquet_smoke_if_present" time="0.001"><skipped type="pytest.skip" message="local us parquet not present">/home/sunhaiwei/quant_projects/factor_engine/tests/storage/test_data_access_source.py:412: local us parquet not present</skipped></testcase><testcase classname="factor_engine.tests.storage.test_data_access_source" name="test_data_access_source_forwards_params_to_store" time="0.123" /><testcase classname="factor_engine.tests.storage.test_data_access_source" name="test_factory_data_access_kind_shorthand" time="0.001" /></testsuite></testsuites>