<?xml version="1.0" encoding="utf-8"?><testsuites name="pytest tests"><testsuite name="pytest" errors="0" failures="0" skipped="0" tests="4" time="23.775" timestamp="2026-09-08T01:57:00.907587+08:00" hostname="qs-compute-gpu-hk-01"><testcase classname="factor_engine.tests.operators.test_v7_volatility_contracts" name="test_v7_gjr_fixed_parameters_match_arch_7_2[-0.017]" time="23.491" /><testcase classname="factor_engine.tests.operators.test_v7_volatility_contracts" name="test_v7_gjr_fixed_parameters_match_arch_7_2[0.017]" time="0.001" /><testcase classname="factor_engine.tests.operators.test_v7_volatility_contracts" name="test_v7_gjr_fixed_parameters_match_arch_7_2[0.0]" time="0.001" /><testcase classname="factor_engine.tests.operators.test_v7_volatility_contracts" name="test_v7_gjr_fixed_parameters_match_arch_7_2[-0.0]" time="0.001" /></testsuite></testsuites>