<?xml version="1.0" encoding="utf-8"?><testsuites name="pytest tests"><testsuite name="pytest" errors="0" failures="0" skipped="0" tests="5" time="24.111" timestamp="2026-09-08T01:35:58.036475+08:00" hostname="qs-compute-gpu-hk-01"><testcase classname="factor_engine.tests.operators.test_v7_volatility_contracts" name="test_v7_gjr_forecast_uses_same_leverage_step_as_history" time="22.230" /><testcase classname="factor_engine.tests.operators.test_v7_volatility_contracts" name="test_v7_gjr_gamma_zero_degenerates_to_garch" time="0.001" /><testcase classname="factor_engine.tests.operators.test_v7_volatility_contracts" name="test_v7_garch_forecast_nonfinite_current_shock_fails_closed" time="0.001" /><testcase classname="factor_engine.tests.operators.test_v7_volatility_contracts" name="test_v7_registered_gjr_prefix_is_not_rejected_by_future_suffix" time="1.653" /><testcase classname="factor_engine.tests.operators.test_v7_volatility_contracts" name="test_v7_har_innovation_pairs_features_and_labels_on_original_clock" time="0.002" /></testsuite></testsuites>