<?xml version="1.0" encoding="utf-8"?><testsuites name="pytest tests"><testsuite name="pytest" errors="0" failures="0" skipped="4" tests="87" time="35.799" timestamp="2026-09-08T01:57:45.517419+08:00" hostname="qs-compute-gpu-hk-01"><testcase classname="factor_engine.tests.operators.test_v7_volatility_contracts" name="test_v7_gjr_forecast_uses_same_leverage_step_as_history" time="22.941" /><testcase classname="factor_engine.tests.operators.test_v7_volatility_contracts" name="test_v7_gjr_gamma_zero_degenerates_to_garch" time="0.001" /><testcase classname="factor_engine.tests.operators.test_v7_volatility_contracts" name="test_v7_gjr_fixed_parameters_match_arch_7_2[-0.017]" time="0.001"><skipped type="pytest.skip" message="could not import 'arch': No module named 'arch'">/home/sunhaiwei/quant_projects/factor_engine/tests/operators/test_v7_volatility_contracts.py:48: could not import 'arch': No module named 'arch'</skipped></testcase><testcase classname="factor_engine.tests.operators.test_v7_volatility_contracts" name="test_v7_gjr_fixed_parameters_match_arch_7_2[0.017]" time="0.001"><skipped type="pytest.skip" message="could not import 'arch': No module named 'arch'">/home/sunhaiwei/quant_projects/factor_engine/tests/operators/test_v7_volatility_contracts.py:48: could not import 'arch': No module named 'arch'</skipped></testcase><testcase classname="factor_engine.tests.operators.test_v7_volatility_contracts" name="test_v7_gjr_fixed_parameters_match_arch_7_2[0.0]" time="0.001"><skipped type="pytest.skip" message="could not import 'arch': No module named 'arch'">/home/sunhaiwei/quant_projects/factor_engine/tests/operators/test_v7_volatility_contracts.py:48: could not import 'arch': No module named 'arch'</skipped></testcase><testcase classname="factor_engine.tests.operators.test_v7_volatility_contracts" name="test_v7_gjr_fixed_parameters_match_arch_7_2[-0.0]" time="0.001"><skipped type="pytest.skip" message="could not import 'arch': No module named 'arch'">/home/sunhaiwei/quant_projects/factor_engine/tests/operators/test_v7_volatility_contracts.py:48: could not import 'arch': No module named 'arch'</skipped></testcase><testcase classname="factor_engine.tests.operators.test_v7_volatility_contracts" name="test_v7_garch_forecast_nonfinite_current_shock_fails_closed" time="0.001" /><testcase classname="factor_engine.tests.operators.test_v7_volatility_contracts" name="test_v7_registered_gjr_prefix_is_not_rejected_by_future_suffix[extreme_level_like]" time="0.020" /><testcase classname="factor_engine.tests.operators.test_v7_volatility_contracts" name="test_v7_registered_gjr_prefix_is_not_rejected_by_future_suffix[long_missing]" time="0.019" /><testcase classname="factor_engine.tests.operators.test_v7_volatility_contracts" name="test_v7_registered_gjr_prefix_is_not_rejected_by_future_suffix[infinite]" time="0.020" /><testcase classname="factor_engine.tests.operators.test_v7_volatility_contracts" name="test_v7_har_innovation_pairs_features_and_labels_on_original_clock" time="0.002" /><testcase classname="factor_engine.tests.r35.test_model_audit_volatility" name="test_m081_gjr_leverage_fits_through_current_row" time="0.137" /><testcase classname="factor_engine.tests.r35.test_model_audit_volatility" name="test_m081_gjr_leverage_timing_telemetry" time="0.000" /><testcase classname="factor_engine.tests.r35.test_model_audit_volatility" name="test_m081_gjr_leverage_timing_contract_explicit_descriptive" time="0.003" /><testcase classname="factor_engine.tests.r35.test_model_audit_volatility" name="test_m081_gjr_leverage_lane_diagnostic_research" time="0.014" /><testcase classname="factor_engine.tests.r35.test_model_audit_volatility" name="test_m083_fit_garch_cached_bit_identical_and_reused" time="0.037" /><testcase classname="factor_engine.tests.r35.test_model_audit_volatility" name="test_m083_fit_gjr_cached_bit_identical_and_reused" time="0.056" /><testcase classname="factor_engine.tests.r35.test_model_audit_volatility" name="test_m083_cache_reuses_mle_within_call" time="0.021" /><testcase classname="factor_engine.tests.r35.test_model_audit_volatility" name="test_m083_cache_scoped_per_operator_call" time="1.464" /><testcase classname="factor_engine.tests.r35.test_model_audit_volatility" name="test_m083_duplicate_columns_bit_identical" time="1.948" /><testcase classname="factor_engine.tests.r35.test_model_audit_volatility" name="test_m084_missing_policy_constant" time="0.000" /><testcase classname="factor_engine.tests.r35.test_model_audit_volatility" name="test_m084_nan_inside_window_fails_closed" time="0.093" /><testcase classname="factor_engine.tests.r35.test_model_audit_volatility" name="test_m086_har_min_train_obs_constant" time="0.000" /><testcase classname="factor_engine.tests.r35.test_model_audit_volatility" name="test_m086_har_insufficient_train_rows_fails_closed" time="0.001" /><testcase classname="factor_engine.tests.r35.test_model_audit_volatility" name="test_m088_legacy_har_names_resolve_to_canonicals" time="0.001" /><testcase classname="factor_engine.tests.r35.test_model_audit_volatility" name="test_m088_har_alias_output_equals_canonical" time="0.042" /><testcase classname="factor_engine.tests.r35.test_phase_b_model_oracle" name="test_pca_oracle_matches_engine_loadings" time="0.002" /><testcase classname="factor_engine.tests.r35.test_phase_b_model_oracle" name="test_pca_latent_factor_recovery" time="0.001" /><testcase classname="factor_engine.tests.r35.test_phase_b_model_oracle" name="test_rolling_ols_oracle_matches_engine" time="0.004" /><testcase classname="factor_engine.tests.r35.test_phase_b_model_oracle" name="test_rolling_ols_recovers_beta" time="0.004" /><testcase classname="factor_engine.tests.r35.test_phase_b_model_oracle" name="test_ar_yule_walker_recovers_phi" time="0.001" /><testcase classname="factor_engine.tests.r35.test_phase_b_model_oracle" name="test_kalman_level_oracle_tracks_state" time="0.001" /><testcase classname="factor_engine.tests.r35.test_phase_b_model_oracle" name="test_kalman_oracle_matches_engine_kernel" time="0.126" /><testcase classname="factor_engine.tests.r35.test_phase_b_model_oracle" name="test_garch_persistence_oracle_recovers" time="0.012" /><testcase classname="factor_engine.tests.r35.test_phase_b_model_oracle" name="test_garch_oracle_matches_engine_persistence" time="0.035" /><testcase classname="factor_engine.tests.r35.test_phase_b_model_oracle" name="test_har_oracle_matches_engine" time="0.001" /><testcase classname="factor_engine.tests.r35.test_phase_a_model_truth_gates" name="test_p0_m13_no_duplicate_model_timing_keys" time="0.005" /><testcase classname="factor_engine.tests.r35.test_phase_a_model_truth_gates" name="test_p0_m01_garch_forecast_params_fit_t_minus_1" time="0.017" /><testcase classname="factor_engine.tests.r35.test_phase_a_model_truth_gates" name="test_p0_m01_garch_forecast_contract_matches_kernel" time="0.000" /><testcase classname="factor_engine.tests.r35.test_phase_a_model_truth_gates" name="test_p0_m04_har_feature_label_timing" time="0.000" /><testcase classname="factor_engine.tests.r35.test_phase_a_model_truth_gates" name="test_p0_m04_har_next_forecast_prefix_invariance" time="0.002" /><testcase classname="factor_engine.tests.r35.test_phase_a_model_truth_gates" name="test_p0_m05_panel_zero_feature_rejected" time="0.001" /><testcase classname="factor_engine.tests.r35.test_phase_a_model_truth_gates" name="test_p0_m06_market_state_required" time="0.001" /><testcase classname="factor_engine.tests.r35.test_phase_a_model_truth_gates" name="test_p0_m07_pca_min_history_explicit" time="0.000" /><testcase classname="factor_engine.tests.r35.test_phase_a_model_truth_gates" name="test_p0_m08_pca_sign_tie_stable_under_reorder" time="0.001" /><testcase classname="factor_engine.tests.r35.test_phase_a_model_truth_gates" name="test_p0_m11_polars_variance_ratio_trailing_nan" time="0.000" /><testcase classname="factor_engine.tests.r35.test_phase_a_model_truth_gates" name="test_p0_m12_polars_pairwise_finite_parity" time="0.004" /><testcase classname="factor_engine.tests.r35.test_phase_a_model_truth_gates" name="test_p0_m09_pca_loading_description_no_cross_window_alignment" time="0.000" /><testcase classname="factor_engine.tests.operators.test_r11_round3_tsmodel" name="test_prior_quantile_coeff_is_causal_unaffected_by_current_shock" time="0.494" /><testcase classname="factor_engine.tests.operators.test_r11_round3_tsmodel" name="test_in_sample_quantile_coeff_does_use_current_observation" time="0.491" /><testcase classname="factor_engine.tests.operators.test_r11_round3_tsmodel" name="test_quantile_coeff_prior_recovers_slope_on_symmetric_data" time="0.259" /><testcase classname="factor_engine.tests.operators.test_r11_round3_tsmodel" name="test_in_sample_coeff_metadata_is_explicitly_in_sample[ts_multi_regression_coeff-ts_multi_regression_coeff_prior]" time="0.001" /><testcase classname="factor_engine.tests.operators.test_r11_round3_tsmodel" name="test_in_sample_coeff_metadata_is_explicitly_in_sample[ts_huber_regression_coeff-ts_huber_regression_coeff_prior]" time="0.000" /><testcase classname="factor_engine.tests.operators.test_r11_round3_tsmodel" name="test_in_sample_coeff_metadata_is_explicitly_in_sample[ts_ridge_regression_coeff-ts_ridge_regression_coeff_prior]" time="0.000" /><testcase classname="factor_engine.tests.operators.test_r11_round3_tsmodel" name="test_in_sample_coeff_metadata_is_explicitly_in_sample[ts_expectile_regression_coeff-ts_expectile_regression_coeff_prior]" time="0.000" /><testcase classname="factor_engine.tests.operators.test_r11_round3_tsmodel" name="test_in_sample_coeff_metadata_is_explicitly_in_sample[ts_quantile_regression_coeff-None]" time="0.000" /><testcase classname="factor_engine.tests.operators.test_r11_round3_tsmodel" name="test_legacy_coeff_canonicals_stamped_in_sample_and_hidden" time="0.000" /><testcase classname="factor_engine.tests.operators.test_r11_round3_tsmodel" name="test_kalman_gap_covariance_grows_by_q_per_missing_row" time="0.000" /><testcase classname="factor_engine.tests.operators.test_r11_round3_tsmodel" name="test_kalman_gap_level_is_last_known_level" time="0.000" /><testcase classname="factor_engine.tests.operators.test_r11_round3_tsmodel" name="test_kalman_innovation_after_gap_uses_grown_scale" time="0.000" /><testcase classname="factor_engine.tests.operators.test_r11_round3_tsmodel" name="test_kalman_leading_gap_and_all_missing_stay_nan" time="0.000" /><testcase classname="factor_engine.tests.operators.test_r11_round3_tsmodel" name="test_kalman_nonfinite_noise_scale_fails_closed[inf-1.0]" time="0.000" /><testcase classname="factor_engine.tests.operators.test_r11_round3_tsmodel" name="test_kalman_nonfinite_noise_scale_fails_closed[0.1-inf]" time="0.000" /><testcase classname="factor_engine.tests.operators.test_r11_round3_tsmodel" name="test_kalman_nonfinite_noise_scale_fails_closed[nan-1.0]" time="0.000" /><testcase classname="factor_engine.tests.operators.test_r11_round3_tsmodel" name="test_kalman_nonfinite_noise_scale_fails_closed[0.1-nan]" time="0.000" /><testcase classname="factor_engine.tests.operators.test_r11_round3_tsmodel" name="test_return_typed_ops_fail_closed_on_local_price_level_window[ts_garch_next_vol_forecast]" time="0.004" /><testcase classname="factor_engine.tests.operators.test_r11_round3_tsmodel" name="test_return_typed_ops_fail_closed_on_local_price_level_window[ts_garch_vol_surprise]" time="0.004" /><testcase classname="factor_engine.tests.operators.test_r11_round3_tsmodel" name="test_return_typed_ops_fail_closed_on_local_price_level_window[ts_garch_persistence]" time="0.004" /><testcase classname="factor_engine.tests.operators.test_r11_round3_tsmodel" name="test_return_typed_ops_fail_closed_on_local_price_level_window[ts_garch_standardized_shock]" time="0.004" /><testcase classname="factor_engine.tests.operators.test_r11_round3_tsmodel" name="test_return_typed_ops_fail_closed_on_local_price_level_window[ts_gjr_garch_vol_forecast]" time="0.004" /><testcase classname="factor_engine.tests.operators.test_r11_round3_tsmodel" name="test_return_typed_ops_fail_closed_on_local_price_level_window[ts_gjr_leverage]" time="0.004" /><testcase classname="factor_engine.tests.operators.test_r11_round3_tsmodel" name="test_return_typed_ops_fail_closed_on_local_price_level_window[ts_har_from_return_next_vol]" time="0.006" /><testcase classname="factor_engine.tests.operators.test_r11_round3_tsmodel" name="test_return_typed_ops_fail_closed_on_local_price_level_window[ts_har_from_return_forecast_error_z]" time="0.006" /><testcase classname="factor_engine.tests.operators.test_r11_round3_tsmodel" name="test_return_typed_ops_declare_return_input_units[ts_garch_next_vol_forecast]" time="0.001" /><testcase classname="factor_engine.tests.operators.test_r11_round3_tsmodel" name="test_return_typed_ops_declare_return_input_units[ts_garch_vol_surprise]" time="0.000" /><testcase classname="factor_engine.tests.operators.test_r11_round3_tsmodel" name="test_return_typed_ops_declare_return_input_units[ts_garch_persistence]" time="0.000" /><testcase classname="factor_engine.tests.operators.test_r11_round3_tsmodel" name="test_return_typed_ops_declare_return_input_units[ts_garch_standardized_shock]" time="0.000" /><testcase classname="factor_engine.tests.operators.test_r11_round3_tsmodel" name="test_return_typed_ops_declare_return_input_units[ts_gjr_garch_vol_forecast]" time="0.000" /><testcase classname="factor_engine.tests.operators.test_r11_round3_tsmodel" name="test_return_typed_ops_declare_return_input_units[ts_gjr_leverage]" time="0.000" /><testcase classname="factor_engine.tests.operators.test_r11_round3_tsmodel" name="test_garch_accepts_returns_and_produces_finite_output" time="2.058" /><testcase classname="factor_engine.tests.operators.test_r11_round3_tsmodel" name="test_garch_shock_deterministic_and_finite" time="5.011" /><testcase classname="factor_engine.tests.operators.test_r11_round3_tsmodel" name="test_har_rv_typed_ops_accept_rv_panel_not_rejected" time="0.011" /><testcase classname="factor_engine.tests.operators.test_r11_round3_tsmodel" name="test_har_rv_next_forecast_is_compat_alias_to_vol_forecast" time="0.001" /><testcase classname="factor_engine.tests.operators.test_r11_round3_tsmodel" name="test_har_var_forecast_equals_vol_forecast_squared" time="0.020" /><testcase classname="factor_engine.tests.operators.test_r11_round3_tsmodel" name="test_har_forecast_output_units_honest" time="0.001" /><testcase classname="factor_engine.tests.operators.test_r11_round3_tsmodel" name="test_legacy_har_rv_forecast_duplicate_describes_volatility" time="0.020" /><testcase classname="factor_engine.tests.operators.test_r11_round3_tsmodel" name="test_new_and_renamed_canonicals_registered_and_surface_consistent" time="0.001" /></testsuite></testsuites>