<?xml version="1.0" encoding="utf-8"?><testsuites name="pytest tests"><testsuite name="pytest" errors="0" failures="0" skipped="0" tests="14" time="1.399" timestamp="2026-09-08T02:35:00.099646+08:00" hostname="qs-compute-gpu-hk-01"><testcase classname="tests.test_gpu_probe_parity" name="test_gpu_probe_cohort_hand_example" time="0.256" /><testcase classname="tests.test_gpu_probe_parity" name="test_gpu_probe_cohort_cpu_parity" time="0.509" /><testcase classname="tests.test_gpu_probe_parity" name="test_gpu_probe_ls_sharpe" time="0.009" /><testcase classname="tests.test_gpu_probe_parity" name="test_gpu_probe_long_active" time="0.232" /><testcase classname="tests.test_gpu_probe_parity" name="test_gpu_probe_cost_scenarios" time="0.006" /><testcase classname="tests.test_gpu_probe_parity" name="test_overlapping_target_not_portfolio_sharpe" time="0.226" /><testcase classname="tests.test_gpu_probe_parity" name="test_gpu_drawdown_parity" time="0.005" /><testcase classname="tests.test_gpu_probe_parity" name="test_gpu_drawdown_wipeout_matches_independent_wealth_oracle" time="0.001" /><testcase classname="tests.test_gpu_probe_parity" name="test_gpu_calmar_parity" time="0.004" /><testcase classname="tests.test_gpu_probe_parity" name="test_gpu_calmar_matches_independent_compound_wealth_oracle" time="0.002" /><testcase classname="tests.test_gpu_probe_parity" name="test_gpu_sortino_parity" time="0.002" /><testcase classname="tests.test_gpu_probe_parity" name="test_gpu_win_rate_parity" time="0.001" /><testcase classname="tests.test_gpu_probe_parity" name="test_gpu_annualized_return_vol_parity" time="0.003" /><testcase classname="tests.test_gpu_probe_parity" name="test_gpu_positive_month_ratio_parity" time="0.003" /></testsuite></testsuites>