<?xml version="1.0" encoding="utf-8"?><testsuites name="pytest tests"><testsuite name="pytest" errors="0" failures="0" skipped="0" tests="66" time="5.163" timestamp="2026-09-08T02:39:37.242810+08:00" hostname="qs-compute-gpu-hk-01"><testcase classname="tests.test_gpu_batch_tile_oom" name="test_batch_500_vs_500_single" time="0.554" /><testcase classname="tests.test_gpu_batch_tile_oom" name="test_factor_tile_invariance" time="0.058" /><testcase classname="tests.test_gpu_batch_tile_oom" name="test_oom_retile" time="0.005" /><testcase classname="tests.test_gpu_batch_tile_oom" name="test_gpu_memory_no_linear_leak" time="0.027" /><testcase classname="tests.test_gpu_batch_tile_oom" name="test_cuda_strict_no_silent_cpu" time="0.001" /><testcase classname="tests.test_gpu_interactions_parity" name="test_gpu_hhi_parity" time="0.010" /><testcase classname="tests.test_gpu_interactions_parity" name="test_gpu_hhi_parity_with_weights" time="0.003" /><testcase classname="tests.test_gpu_interactions_parity" name="test_gpu_sector_exposure_parity" time="0.011" /><testcase classname="tests.test_gpu_interactions_parity" name="test_gpu_factor_loadings_parity" time="0.118" /><testcase classname="tests.test_gpu_interactions_parity" name="test_gpu_style_exposure_parity" time="0.075" /><testcase classname="tests.test_gpu_interactions_parity" name="test_gpu_factor_turnover_rate_parity" time="0.034" /><testcase classname="tests.test_gpu_interactions_parity" name="test_gpu_factor_turnover_rate_bottom" time="0.029" /><testcase classname="tests.test_gpu_interactions_parity" name="test_gpu_weighted_turnover_parity" time="0.002" /><testcase classname="tests.test_gpu_interactions_parity" name="test_gpu_turnover_contribution_parity" time="0.001" /><testcase classname="tests.test_gpu_interactions_parity" name="test_gpu_data_quality_parity" time="0.038" /><testcase classname="tests.test_gpu_interactions_parity" name="test_gpu_pairwise_correlation_parity" time="0.065" /><testcase classname="tests.test_gpu_interactions_parity" name="test_gpu_conditional_ic_parity" time="1.503" /><testcase classname="tests.test_gpu_interactions_parity" name="test_gpu_substitution_effect_parity" time="0.254" /><testcase classname="tests.test_gpu_interactions_parity" name="test_gpu_complementarity_score_parity" time="0.223" /><testcase classname="tests.test_gpu_interactions_parity" name="test_gpu_interaction_strength_parity" time="0.145" /><testcase classname="tests.test_gpu_interactions_parity" name="test_gpu_incremental_ic_parity" time="0.233" /><testcase classname="tests.test_gpu_interactions_parity" name="test_gpu_metric_expansion_registered" time="0.004" /><testcase classname="tests.test_gpu_metric_expansion" name="test_gpu_predictive_parity" time="0.015" /><testcase classname="tests.test_gpu_metric_expansion" name="test_gpu_quantile_shape_parity" time="0.003" /><testcase classname="tests.test_gpu_metric_expansion" name="test_gpu_predictive_1d_input" time="0.001" /><testcase classname="tests.test_gpu_metric_expansion" name="test_gpu_quantile_shape_1d_input" time="0.001" /><testcase classname="tests.test_gpu_parity" name="test_gpu_rank_ic_parity" time="0.021" /><testcase classname="tests.test_gpu_parity" name="test_gpu_pearson_ic_parity" time="0.005" /><testcase classname="tests.test_gpu_parity" name="test_gpu_rank_heavy_ties" time="0.002" /><testcase classname="tests.test_gpu_parity" name="test_gpu_rank_nan_excluded" time="0.001" /><testcase classname="tests.test_gpu_parity" name="test_gpu_rank_distinct_level_floor" time="0.001" /><testcase classname="tests.test_gpu_parity" name="test_gpu_rank_constant_reject" time="0.004" /><testcase classname="tests.test_gpu_parity" name="test_gpu_quantile_parity" time="0.005" /><testcase classname="tests.test_gpu_parity" name="test_gpu_quantile_tie_policy" time="0.002" /><testcase classname="tests.test_gpu_parity" name="test_gpu_quantile_returns_parity" time="0.009" /><testcase classname="tests.test_gpu_parity" name="test_gpu_turnover_parity" time="0.010" /><testcase classname="tests.test_gpu_parity" name="test_gpu_rank_stability_parity" time="0.068" /><testcase classname="tests.test_gpu_probe_parity" name="test_gpu_probe_cohort_hand_example" time="0.006" /><testcase classname="tests.test_gpu_probe_parity" name="test_gpu_probe_cohort_cpu_parity" time="0.448" /><testcase classname="tests.test_gpu_probe_parity" name="test_gpu_probe_ls_sharpe" time="0.006" /><testcase classname="tests.test_gpu_probe_parity" name="test_gpu_probe_long_active" time="0.233" /><testcase classname="tests.test_gpu_probe_parity" name="test_gpu_probe_cost_scenarios" time="0.006" /><testcase classname="tests.test_gpu_probe_parity" name="test_overlapping_target_not_portfolio_sharpe" time="0.219" /><testcase classname="tests.test_gpu_probe_parity" name="test_gpu_drawdown_parity" time="0.004" /><testcase classname="tests.test_gpu_probe_parity" name="test_gpu_drawdown_wipeout_matches_independent_wealth_oracle" time="0.001" /><testcase classname="tests.test_gpu_probe_parity" name="test_gpu_calmar_parity" time="0.004" /><testcase classname="tests.test_gpu_probe_parity" name="test_gpu_calmar_matches_independent_compound_wealth_oracle" time="0.002" /><testcase classname="tests.test_gpu_probe_parity" name="test_gpu_risk_finite_policy_and_wealth_boundaries" time="0.003" /><testcase classname="tests.test_gpu_probe_parity" name="test_gpu_sortino_parity" time="0.001" /><testcase classname="tests.test_gpu_probe_parity" name="test_gpu_win_rate_parity" time="0.001" /><testcase classname="tests.test_gpu_probe_parity" name="test_gpu_annualized_return_vol_parity" time="0.001" /><testcase classname="tests.test_gpu_probe_parity" name="test_gpu_positive_month_ratio_parity" time="0.002" /><testcase classname="tests.test_gpu_robustness_parity" name="test_gpu_hac_parity" time="0.009" /><testcase classname="tests.test_gpu_robustness_parity" name="test_gpu_ic_autocorr_parity" time="0.010" /><testcase classname="tests.test_gpu_robustness_parity" name="test_gpu_half_life_parity" time="0.001" /><testcase classname="tests.test_gpu_robustness_parity" name="test_gpu_bootstrap_determinism" time="0.116" /><testcase classname="tests.test_gpu_robustness_parity" name="test_gpu_subsample_parity" time="0.037" /><testcase classname="tests.test_gpu_robustness_parity" name="test_gpu_rolling_parity" time="0.018" /><testcase classname="tests.test_public_gpu_tiling" name="test_public_api_tiles_before_upload_and_respects_validity" time="0.027" /><testcase classname="tests.test_public_gpu_tiling" name="test_public_oom_retry_is_bounded_and_preserves_results[True]" time="0.018" /><testcase classname="tests.test_public_gpu_tiling" name="test_public_oom_retry_is_bounded_and_preserves_results[False]" time="0.002" /><testcase classname="tests.test_public_gpu_tiling" name="test_budget_does_not_force_unfitting_minimum_tile" time="0.000" /><testcase classname="tests.test_public_gpu_tiling" name="test_cuda_respects_sealed_split_before_device_open" time="0.001" /><testcase classname="tests.test_public_gpu_tiling" name="test_real_budget_multiple_tiles_transfer_labels_once" time="0.010" /><testcase classname="tests.test_public_gpu_tiling" name="test_overlapping_sessions_keep_thread_local_allocators" time="0.002" /><testcase classname="tests.test_public_gpu_tiling" name="test_memmap_factor_slices_are_not_full_host_copies" time="0.004" /></testsuite></testsuites>