<?xml version="1.0" encoding="utf-8"?><testsuites name="pytest tests"><testsuite name="pytest" errors="0" failures="0" skipped="0" tests="80" time="237.192" timestamp="2026-09-09T13:09:30.784049+08:00" hostname="qs-compute-gpu-hk-01"><testcase classname="factor_engine.tests.runtime.test_v6_bounded_pipeline" name="test_physical_preflight_error_is_root_local_and_valid_peers_share_one_wave" time="0.786" /><testcase classname="factor_engine.tests.runtime.test_v6_bounded_pipeline" name="test_default_writer_timeout_reconciles_known_generation_without_rewrite" time="0.742" /><testcase classname="factor_engine.tests.runtime.test_v6_bounded_pipeline" name="test_worker_quarantine_aborts_run_terminalizes_ordinals_and_writes_receipt" time="0.100" /><testcase classname="factor_engine.tests.runtime.test_v6_bounded_pipeline" name="test_second_spawn_worker_start_failure_closes_first_and_aborts_all" time="1.524" /><testcase classname="factor_engine.tests.runtime.test_v6_bounded_pipeline" name="test_lost_writer_ack_reconciles_existing_generation_without_rewrite" time="1.269" /><testcase classname="factor_engine.tests.runtime.test_v6_bounded_pipeline" name="test_spawn_compute_exit_aborts_later_wave_without_reusing_proxy_binding" time="1.780" /><testcase classname="factor_engine.tests.runtime.test_v6_bounded_pipeline" name="test_manifest_duplicate_is_per_ordinal_rejection" time="0.014" /><testcase classname="factor_engine.tests.runtime.test_v6_bounded_pipeline" name="test_blocking_iterator_is_process_supervised" time="0.060" /><testcase classname="factor_engine.tests.runtime.test_v6_bounded_pipeline" name="test_retry_budget_is_persistent_and_shared" time="0.019" /><testcase classname="factor_engine.tests.runtime.test_v6_bounded_pipeline" name="test_durable_pipeline_executes_real_engine_path_and_artifact" time="0.890" /><testcase classname="factor_engine.tests.runtime.test_v6_bounded_pipeline" name="test_invalid_definition_does_not_abort_valid_ordinal" time="0.914" /><testcase classname="factor_engine.tests.runtime.test_v6_bounded_pipeline" name="test_actual_factor_engine_admits_two_root_wave_and_injects_scope" time="0.732" /><testcase classname="factor_engine.tests.runtime.test_v6_bounded_pipeline" name="test_actual_pandas_engine_writes_two_verified_numeric_artifacts" time="25.568" /><testcase classname="factor_engine.tests.runtime.test_v6_bounded_pipeline" name="test_oom_wave_is_not_blindly_retried" time="0.131" /><testcase classname="factor_engine.tests.runtime.test_v6_bounded_pipeline" name="test_uncontrolled_sink_timeout_is_failed_unknown_commit" time="1.456" /><testcase classname="factor_engine.tests.runtime.test_v6_bounded_pipeline" name="test_one_bad_output_does_not_fail_two_good_outputs" time="0.842" /><testcase classname="factor_engine.tests.runtime.test_v6_bounded_pipeline" name="test_ingestion_timeout_returns_partial_receipt" time="0.825" /><testcase classname="factor_engine.tests.runtime.test_v6_bounded_pipeline" name="test_spawn_factory_executes_without_pickling_engine" time="60.840" /><testcase classname="factor_engine.tests.runtime.test_v6_bounded_pipeline" name="test_large_result_is_rejected_before_pipe_and_small_peer_succeeds" time="0.819" /><testcase classname="factor_engine.tests.runtime.test_v6_bounded_pipeline" name="test_existing_state_paths_are_preserved_fail_closed" time="0.003" /><testcase classname="factor_engine.tests.runtime.test_v6_bounded_pipeline" name="test_lookahead_is_definition_byte_bounded" time="0.851" /><testcase classname="factor_engine.tests.runtime.test_v8_slot_failure_ownership" name="test_refill_ack_loss_while_a_is_held_keeps_b_slot_identity" time="2.249" /><testcase classname="factor_engine.tests.runtime.test_v8_slot_failure_ownership" name="test_cleanup_pending_primary_retains_broker_and_egress_when_final_close_succeeds" time="2.390" /><testcase classname="factor_engine.tests.runtime.test_v8_slot_failure_ownership" name="test_final_cleanup_errors_append_to_existing_slot_cleanup_errors" time="2.409" /><testcase classname="factor_engine.tests.runtime.test_v7_direct_artifact_pipeline" name="test_default_spawn_sinks_values_and_lost_descriptor_ack_exactly_reconciles" time="1.756" /><testcase classname="factor_engine.tests.runtime.test_v7_direct_artifact_pipeline" name="test_bounded_root_queue_overlaps_next_compute_with_current_sink" time="0.011" /><testcase classname="factor_engine.tests.runtime.test_v7_direct_artifact_pipeline" name="test_large_default_spawn_output_bypasses_result_pickle_queue" time="1.896" /><testcase classname="factor_engine.tests.runtime.test_v7_direct_artifact_pipeline" name="test_atomic_large_output_is_rejected_before_write_without_extra_lease" time="1.876" /><testcase classname="factor_engine.tests.runtime.test_v7_direct_artifact_pipeline" name="test_two_default_spawn_waves_retire_pid_and_bind_fresh_generation" time="2.462" /><testcase classname="factor_engine.tests.runtime.test_v7_direct_artifact_pipeline" name="test_default_two_slot_pipeline_overlaps_previous_write_with_next_compute" time="3.203" /><testcase classname="factor_engine.tests.runtime.test_v7_direct_artifact_pipeline" name="test_real_engine_two_wave_default_uses_fresh_compute_pid" time="60.820" /><testcase classname="factor_engine.tests.runtime.test_v7_direct_artifact_pipeline" name="test_two_slot_egress_is_partitioned_and_prefetched_compile_is_not_repeated" time="4.325" /><testcase classname="factor_engine.tests.runtime.test_v7_direct_artifact_pipeline" name="test_direct_timeout_reports_last_worker_phase[compute-COMPUTE_TIMEOUT-NOT_STARTED]" time="2.635" /><testcase classname="factor_engine.tests.runtime.test_v7_direct_artifact_pipeline" name="test_direct_timeout_reports_last_worker_phase[write-WRITE_TIMEOUT-UNKNOWN]" time="2.798" /><testcase classname="factor_engine.tests.runtime.test_v7_direct_artifact_pipeline" name="test_zero_cpu_authority_terminalizes_without_starting_engine_or_attempt" time="0.893" /><testcase classname="factor_engine.tests.runtime.test_v7_direct_artifact_pipeline" name="test_cancellation_retires_both_overlap_slots_and_preserves_per_factor_commit_state" time="2.452" /><testcase classname="factor_engine.tests.runtime.test_v7_direct_artifact_pipeline" name="test_verified_current_is_persisted_before_prefetch_quarantine" time="2.357" /><testcase classname="factor_engine.tests.runtime.test_v7_direct_artifact_pipeline" name="test_two_slots_refill_c_after_a_finishes_without_waiting_for_b" time="4.465" /><testcase classname="factor_engine.tests.runtime.test_v7_direct_artifact_pipeline" name="test_two_slots_refill_c_after_b_finishes_without_waiting_for_a" time="3.972" /><testcase classname="factor_engine.tests.runtime.test_v7_direct_artifact_pipeline" name="test_cancellation_interrupts_refill_compile_and_active_compute_slot" time="2.819" /><testcase classname="factor_engine.tests.runtime.test_v9_m11c_runtime_evidence" name="test_real_run_many_compute_snapshot_is_nonempty_and_pageable" time="0.915" /><testcase classname="factor_engine.tests.runtime.test_v9_m11c_runtime_evidence" name="test_result_validator_preserves_legacy_unpack_and_distinguishes_missing" time="0.001" /><testcase classname="factor_engine.tests.runtime.test_v9_m11c_runtime_evidence" name="test_extended_envelope_rejects_missing_or_invalid_evidence_identity[None]" time="0.001" /><testcase classname="factor_engine.tests.runtime.test_v9_m11c_runtime_evidence" name="test_extended_envelope_rejects_missing_or_invalid_evidence_identity[]" time="0.001" /><testcase classname="factor_engine.tests.runtime.test_v9_m11c_runtime_evidence" name="test_extended_envelope_rejects_missing_or_invalid_evidence_identity[AAAAAAAAAAAAAAAAAAAAAAAAAAAAAAAA]" time="0.001" /><testcase classname="factor_engine.tests.runtime.test_v9_m11c_runtime_evidence" name="test_extended_envelope_rejects_missing_or_invalid_evidence_identity[aaaaaaaaaaaaaaaaaaaaaaaaaaaaaaa]" time="0.001" /><testcase classname="factor_engine.tests.runtime.test_v9_m11c_runtime_evidence" name="test_snapshot_factor_identity_cannot_move_to_another_wave" time="0.001" /><testcase classname="factor_engine.tests.runtime.test_v9_m11c_runtime_evidence" name="test_persistent_evidence_is_bounded_paged_and_idempotent" time="0.016" /><testcase classname="factor_engine.tests.runtime.test_v9_m11c_runtime_evidence" name="test_direct_success_persists_observed_wave_before_terminal" time="0.020" /><testcase classname="factor_engine.tests.runtime.test_v9_m11c_runtime_evidence" name="test_direct_evidence_write_failure_cannot_leave_success_terminal" time="0.018" /><testcase classname="factor_engine.tests.runtime.test_v9_m11c_runtime_evidence" name="test_resume_rejects_missing_or_corrupt_new_evidence[drop_table]" time="0.895" /><testcase classname="factor_engine.tests.runtime.test_v9_m11c_runtime_evidence" name="test_resume_rejects_missing_or_corrupt_new_evidence[delete_row]" time="0.867" /><testcase classname="factor_engine.tests.runtime.test_v9_m11c_runtime_evidence" name="test_resume_rejects_missing_or_corrupt_new_evidence[payload]" time="0.835" /><testcase classname="factor_engine.tests.runtime.test_v9_m11c_runtime_evidence" name="test_resume_rejects_missing_or_corrupt_new_evidence[assignments]" time="0.793" /><testcase classname="factor_engine.tests.runtime.test_v9_m11c_runtime_evidence" name="test_resume_rejects_missing_or_corrupt_new_evidence[orphan]" time="0.814" /><testcase classname="factor_engine.tests.runtime.test_v9_m11c_runtime_evidence" name="test_legacy_unavailable_survives_two_resumes" time="1.735" /><testcase classname="factor_engine.tests.runtime.test_v9_m11c_runtime_evidence" name="test_new_marker_and_tables_remain_authoritative_before_receipt_exists" time="0.825" /><testcase classname="factor_engine.tests.runtime.test_v9_m11c_runtime_evidence" name="test_evidence_page_has_a_total_wire_budget_without_skipping_seq" time="0.048" /><testcase classname="factor_engine.tests.runtime.test_v9_m11c_runtime_evidence" name="test_resume_rejects_malformed_evidence_receipt_reference[store]" time="0.836" /><testcase classname="factor_engine.tests.runtime.test_v9_m11c_runtime_evidence" name="test_resume_rejects_malformed_evidence_receipt_reference[bool_count]" time="0.809" /><testcase classname="factor_engine.tests.runtime.test_v9_m11c_runtime_evidence" name="test_resume_rejects_malformed_evidence_receipt_reference[bool_cursor]" time="0.828" /><testcase classname="factor_engine.tests.runtime.test_v9_m11c_runtime_evidence" name="test_resume_rejects_malformed_evidence_receipt_reference[extra]" time="0.850" /><testcase classname="factor_engine.tests.runtime.test_v9_m11c_runtime_evidence" name="test_unavailable_evidence_has_no_counts_and_assignment_is_authoritative" time="0.015" /><testcase classname="factor_engine.tests.runtime.test_v9_m11c_runtime_evidence" name="test_large_wave_assignment_links_do_not_reject_legal_long_names" time="0.020" /><testcase classname="factor_engine.tests.runtime.test_v9_m11c_runtime_evidence" name="test_evidence_digest_covers_assignments" time="0.017" /><testcase classname="factor_engine.tests.runtime.test_v9_m11c_runtime_evidence" name="test_compute_reserves_snapshot_transport_before_result_admission" time="0.001" /><testcase classname="factor_engine.tests.runtime.test_v9_pending_resume_safe_subset" name="test_never_dispatched_accepted_resumes_after_strict_worker_exit_proof" time="2.037" /><testcase classname="factor_engine.tests.runtime.test_v9_pending_resume_safe_subset" name="test_spawn_direct_mixed_resume_filters_main_prefetch_and_refill" time="7.509" /><testcase classname="factor_engine.tests.runtime.test_v9_pending_resume_safe_subset" name="test_pending_resume_rejects_incomplete_or_corrupt_exit_proof[starting]" time="0.826" /><testcase classname="factor_engine.tests.runtime.test_v9_pending_resume_safe_subset" name="test_pending_resume_rejects_incomplete_or_corrupt_exit_proof[bound]" time="0.810" /><testcase classname="factor_engine.tests.runtime.test_v9_pending_resume_safe_subset" name="test_pending_resume_rejects_incomplete_or_corrupt_exit_proof[pid]" time="0.807" /><testcase classname="factor_engine.tests.runtime.test_v9_pending_resume_safe_subset" name="test_pending_resume_rejects_incomplete_or_corrupt_exit_proof[namespace]" time="0.826" /><testcase classname="factor_engine.tests.runtime.test_v9_pending_resume_safe_subset" name="test_pending_original_deadline_expiry_rejects_before_writable_state" time="0.897" /><testcase classname="factor_engine.tests.runtime.test_v9_pending_resume_safe_subset" name="test_dispatched_pending_is_not_authorized_to_resume[RUNNING-NOT_STARTED-None]" time="0.825" /><testcase classname="factor_engine.tests.runtime.test_v9_pending_resume_safe_subset" name="test_dispatched_pending_is_not_authorized_to_resume[RUNNING-INTENT-aaaaaaaaaaaaaaaaaaaaaaaaaaaaaaaa]" time="0.873" /><testcase classname="factor_engine.tests.runtime.test_v9_pending_resume_safe_subset" name="test_dispatched_pending_is_not_authorized_to_resume[RUNNING-UNKNOWN-aaaaaaaaaaaaaaaaaaaaaaaaaaaaaaaa]" time="0.817" /><testcase classname="factor_engine.tests.runtime.test_v9_pending_resume_safe_subset" name="test_accepted_with_dispatch_evidence_is_rejected" time="0.820" /><testcase classname="factor_engine.tests.runtime.test_v9_pending_resume_safe_subset" name="test_pending_executor_requires_full_validated_authority[ownership_store]" time="0.827" /><testcase classname="factor_engine.tests.runtime.test_v9_pending_resume_safe_subset" name="test_pending_executor_requires_full_validated_authority[ownership_coverage]" time="0.826" /><testcase classname="factor_engine.tests.runtime.test_v9_pending_resume_safe_subset" name="test_pending_executor_requires_full_validated_authority[fit_failure_evidence_available]" time="0.825" /></testsuite></testsuites>